<?xml version="1.0" encoding="UTF-8"?>
<testsuite xmlns:xsi="http://www.w3.org/2001/XMLSchema-instance" xsi:noNamespaceSchemaLocation="https://maven.apache.org/surefire/maven-surefire-plugin/xsd/surefire-test-report.xsd" name="TestTransaction" time="4.076" tests="1" errors="1" skipped="0" failures="0">
  <properties>
    <property name="sun.desktop" value="windows"/>
    <property name="awt.toolkit" value="sun.awt.windows.WToolkit"/>
    <property name="java.specification.version" value="11"/>
    <property name="sun.cpu.isalist" value="amd64"/>
    <property name="sun.jnu.encoding" value="GBK"/>
    <property name="java.class.path" value="D:\Dev\Project\java\dreamland\dreamland-web\target\test-classes;D:\Dev\Project\java\dreamland\dreamland-web\target\classes;C:\Users\allen\.m2\repository\junit\junit\4.11\junit-4.11.jar;C:\Users\allen\.m2\repository\org\hamcrest\hamcrest-core\1.3\hamcrest-core-1.3.jar;C:\Users\allen\.m2\repository\jstl\jstl\1.2\jstl-1.2.jar;C:\Users\allen\.m2\repository\javax\javaee-api\7.0\javaee-api-7.0.jar;C:\Users\allen\.m2\repository\com\sun\mail\javax.mail\1.5.0\javax.mail-1.5.0.jar;C:\Users\allen\.m2\repository\javax\activation\activation\1.1\activation-1.1.jar;C:\Users\allen\.m2\repository\org\springframework\spring-core\4.2.5.RELEASE\spring-core-4.2.5.RELEASE.jar;C:\Users\allen\.m2\repository\commons-logging\commons-logging\1.2\commons-logging-1.2.jar;C:\Users\allen\.m2\repository\org\springframework\spring-web\4.2.5.RELEASE\spring-web-4.2.5.RELEASE.jar;C:\Users\allen\.m2\repository\org\springframework\spring-beans\4.2.5.RELEASE\spring-beans-4.2.5.RELEASE.jar;C:\Users\allen\.m2\repository\org\springframework\spring-oxm\4.2.5.RELEASE\spring-oxm-4.2.5.RELEASE.jar;C:\Users\allen\.m2\repository\org\springframework\spring-tx\4.2.5.RELEASE\spring-tx-4.2.5.RELEASE.jar;C:\Users\allen\.m2\repository\org\springframework\spring-jdbc\4.2.5.RELEASE\spring-jdbc-4.2.5.RELEASE.jar;C:\Users\allen\.m2\repository\org\springframework\spring-webmvc\4.2.5.RELEASE\spring-webmvc-4.2.5.RELEASE.jar;C:\Users\allen\.m2\repository\org\springframework\spring-expression\4.2.5.RELEASE\spring-expression-4.2.5.RELEASE.jar;C:\Users\allen\.m2\repository\org\springframework\spring-context\4.2.5.RELEASE\spring-context-4.2.5.RELEASE.jar;C:\Users\allen\.m2\repository\org\springframework\spring-context-support\4.2.5.RELEASE\spring-context-support-4.2.5.RELEASE.jar;C:\Users\allen\.m2\repository\org\springframework\spring-aop\4.2.5.RELEASE\spring-aop-4.2.5.RELEASE.jar;C:\Users\allen\.m2\repository\aopalliance\aopalliance\1.0\aopalliance-1.0.jar;C:\Users\allen\.m2\repository\org\springframework\spring-test\4.2.5.RELEASE\spring-test-4.2.5.RELEASE.jar;C:\Users\allen\.m2\repository\org\mybatis\mybatis\3.2.8\mybatis-3.2.8.jar;C:\Users\allen\.m2\repository\org\mybatis\mybatis-spring\1.2.2\mybatis-spring-1.2.2.jar;C:\Users\allen\.m2\repository\mysql\mysql-connector-java\5.1.29\mysql-connector-java-5.1.29.jar;C:\Users\allen\.m2\repository\commons-dbcp\commons-dbcp\1.2.2\commons-dbcp-1.2.2.jar;C:\Users\allen\.m2\repository\commons-pool\commons-pool\1.3\commons-pool-1.3.jar;C:\Users\allen\.m2\repository\log4j\log4j\1.2.17\log4j-1.2.17.jar;C:\Users\allen\.m2\repository\org\slf4j\slf4j-api\1.7.18\slf4j-api-1.7.18.jar;C:\Users\allen\.m2\repository\org\slf4j\slf4j-log4j12\1.7.18\slf4j-log4j12-1.7.18.jar;C:\Users\allen\.m2\repository\org\codehaus\jackson\jackson-mapper-asl\1.9.13\jackson-mapper-asl-1.9.13.jar;C:\Users\allen\.m2\repository\org\codehaus\jackson\jackson-core-asl\1.9.13\jackson-core-asl-1.9.13.jar;C:\Users\allen\.m2\repository\com\fasterxml\jackson\core\jackson-core\2.8.0\jackson-core-2.8.0.jar;C:\Users\allen\.m2\repository\com\fasterxml\jackson\core\jackson-databind\2.8.0\jackson-databind-2.8.0.jar;C:\Users\allen\.m2\repository\com\fasterxml\jackson\core\jackson-annotations\2.8.0\jackson-annotations-2.8.0.jar;C:\Users\allen\.m2\repository\org\springframework\spring-jms\4.2.5.RELEASE\spring-jms-4.2.5.RELEASE.jar;C:\Users\allen\.m2\repository\org\springframework\spring-messaging\4.2.5.RELEASE\spring-messaging-4.2.5.RELEASE.jar;C:\Users\allen\.m2\repository\org\apache\xbean\xbean-spring\4.0\xbean-spring-4.0.jar;C:\Users\allen\.m2\repository\commons-beanutils\commons-beanutils\1.9.3\commons-beanutils-1.9.3.jar;C:\Users\allen\.m2\repository\commons-collections\commons-collections\3.2.2\commons-collections-3.2.2.jar;C:\Users\allen\.m2\repository\tk\mybatis\mapper\3.1.2\mapper-3.1.2.jar;C:\Users\allen\.m2\repository\javax\persistence\persistence-api\1.0\persistence-api-1.0.jar;"/>
    <property name="java.vm.vendor" value="Oracle Corporation"/>
    <property name="sun.arch.data.model" value="64"/>
    <property name="user.variant" value=""/>
    <property name="java.vendor.url" value="http://java.oracle.com/"/>
    <property name="user.timezone" value="GMT+08:00"/>
    <property name="java.vm.specification.version" value="11"/>
    <property name="os.name" value="Windows 10"/>
    <property name="sun.java.launcher" value="SUN_STANDARD"/>
    <property name="user.country" value="CN"/>
    <property name="sun.boot.library.path" value="C:\Program Files\Java\jre1.8.0_171\bin"/>
    <property name="sun.java.command" value="C:\Users\allen\AppData\Local\Temp\surefire13599692187506766020\surefirebooter16369671093117123056.jar C:\Users\allen\AppData\Local\Temp\surefire13599692187506766020 2020-02-06T23-11-07_771-jvmRun1 surefire12298432846267478527tmp surefire_06160659215696654250tmp"/>
    <property name="jdk.debug" value="release"/>
    <property name="surefire.test.class.path" value="D:\Dev\Project\java\dreamland\dreamland-web\target\test-classes;D:\Dev\Project\java\dreamland\dreamland-web\target\classes;C:\Users\allen\.m2\repository\junit\junit\4.11\junit-4.11.jar;C:\Users\allen\.m2\repository\org\hamcrest\hamcrest-core\1.3\hamcrest-core-1.3.jar;C:\Users\allen\.m2\repository\jstl\jstl\1.2\jstl-1.2.jar;C:\Users\allen\.m2\repository\javax\javaee-api\7.0\javaee-api-7.0.jar;C:\Users\allen\.m2\repository\com\sun\mail\javax.mail\1.5.0\javax.mail-1.5.0.jar;C:\Users\allen\.m2\repository\javax\activation\activation\1.1\activation-1.1.jar;C:\Users\allen\.m2\repository\org\springframework\spring-core\4.2.5.RELEASE\spring-core-4.2.5.RELEASE.jar;C:\Users\allen\.m2\repository\commons-logging\commons-logging\1.2\commons-logging-1.2.jar;C:\Users\allen\.m2\repository\org\springframework\spring-web\4.2.5.RELEASE\spring-web-4.2.5.RELEASE.jar;C:\Users\allen\.m2\repository\org\springframework\spring-beans\4.2.5.RELEASE\spring-beans-4.2.5.RELEASE.jar;C:\Users\allen\.m2\repository\org\springframework\spring-oxm\4.2.5.RELEASE\spring-oxm-4.2.5.RELEASE.jar;C:\Users\allen\.m2\repository\org\springframework\spring-tx\4.2.5.RELEASE\spring-tx-4.2.5.RELEASE.jar;C:\Users\allen\.m2\repository\org\springframework\spring-jdbc\4.2.5.RELEASE\spring-jdbc-4.2.5.RELEASE.jar;C:\Users\allen\.m2\repository\org\springframework\spring-webmvc\4.2.5.RELEASE\spring-webmvc-4.2.5.RELEASE.jar;C:\Users\allen\.m2\repository\org\springframework\spring-expression\4.2.5.RELEASE\spring-expression-4.2.5.RELEASE.jar;C:\Users\allen\.m2\repository\org\springframework\spring-context\4.2.5.RELEASE\spring-context-4.2.5.RELEASE.jar;C:\Users\allen\.m2\repository\org\springframework\spring-context-support\4.2.5.RELEASE\spring-context-support-4.2.5.RELEASE.jar;C:\Users\allen\.m2\repository\org\springframework\spring-aop\4.2.5.RELEASE\spring-aop-4.2.5.RELEASE.jar;C:\Users\allen\.m2\repository\aopalliance\aopalliance\1.0\aopalliance-1.0.jar;C:\Users\allen\.m2\repository\org\springframework\spring-test\4.2.5.RELEASE\spring-test-4.2.5.RELEASE.jar;C:\Users\allen\.m2\repository\org\mybatis\mybatis\3.2.8\mybatis-3.2.8.jar;C:\Users\allen\.m2\repository\org\mybatis\mybatis-spring\1.2.2\mybatis-spring-1.2.2.jar;C:\Users\allen\.m2\repository\mysql\mysql-connector-java\5.1.29\mysql-connector-java-5.1.29.jar;C:\Users\allen\.m2\repository\commons-dbcp\commons-dbcp\1.2.2\commons-dbcp-1.2.2.jar;C:\Users\allen\.m2\repository\commons-pool\commons-pool\1.3\commons-pool-1.3.jar;C:\Users\allen\.m2\repository\log4j\log4j\1.2.17\log4j-1.2.17.jar;C:\Users\allen\.m2\repository\org\slf4j\slf4j-api\1.7.18\slf4j-api-1.7.18.jar;C:\Users\allen\.m2\repository\org\slf4j\slf4j-log4j12\1.7.18\slf4j-log4j12-1.7.18.jar;C:\Users\allen\.m2\repository\org\codehaus\jackson\jackson-mapper-asl\1.9.13\jackson-mapper-asl-1.9.13.jar;C:\Users\allen\.m2\repository\org\codehaus\jackson\jackson-core-asl\1.9.13\jackson-core-asl-1.9.13.jar;C:\Users\allen\.m2\repository\com\fasterxml\jackson\core\jackson-core\2.8.0\jackson-core-2.8.0.jar;C:\Users\allen\.m2\repository\com\fasterxml\jackson\core\jackson-databind\2.8.0\jackson-databind-2.8.0.jar;C:\Users\allen\.m2\repository\com\fasterxml\jackson\core\jackson-annotations\2.8.0\jackson-annotations-2.8.0.jar;C:\Users\allen\.m2\repository\org\springframework\spring-jms\4.2.5.RELEASE\spring-jms-4.2.5.RELEASE.jar;C:\Users\allen\.m2\repository\org\springframework\spring-messaging\4.2.5.RELEASE\spring-messaging-4.2.5.RELEASE.jar;C:\Users\allen\.m2\repository\org\apache\xbean\xbean-spring\4.0\xbean-spring-4.0.jar;C:\Users\allen\.m2\repository\commons-beanutils\commons-beanutils\1.9.3\commons-beanutils-1.9.3.jar;C:\Users\allen\.m2\repository\commons-collections\commons-collections\3.2.2\commons-collections-3.2.2.jar;C:\Users\allen\.m2\repository\tk\mybatis\mapper\3.1.2\mapper-3.1.2.jar;C:\Users\allen\.m2\repository\javax\persistence\persistence-api\1.0\persistence-api-1.0.jar;"/>
    <property name="sun.cpu.endian" value="little"/>
    <property name="user.home" value="C:\Users\allen"/>
    <property name="user.language" value="zh"/>
    <property name="java.specification.vendor" value="Oracle Corporation"/>
    <property name="java.version.date" value="2019-01-15"/>
    <property name="java.home" value="C:\Program Files\Java\jre1.8.0_171"/>
    <property name="file.separator" value="\"/>
    <property name="basedir" value="D:\Dev\Project\java\dreamland\dreamland-web"/>
    <property name="java.vm.compressedOopsMode" value="32-bit"/>
    <property name="line.separator" value="&#10;"/>
    <property name="java.specification.name" value="Java Platform API Specification"/>
    <property name="java.vm.specification.vendor" value="Oracle Corporation"/>
    <property name="java.awt.graphicsenv" value="sun.awt.Win32GraphicsEnvironment"/>
    <property name="surefire.real.class.path" value="C:\Users\allen\AppData\Local\Temp\surefire13599692187506766020\surefirebooter16369671093117123056.jar"/>
    <property name="user.script" value=""/>
    <property name="sun.management.compiler" value="HotSpot 64-Bit Tiered Compilers"/>
    <property name="java.runtime.version" value="11.0.2+9-LTS"/>
    <property name="user.name" value="Archer"/>
    <property name="path.separator" value=";"/>
    <property name="os.version" value="10.0"/>
    <property name="java.runtime.name" value="Java(TM) SE Runtime Environment"/>
    <property name="file.encoding" value="GBK"/>
    <property name="java.vm.name" value="Java HotSpot(TM) 64-Bit Server VM"/>
    <property name="java.vendor.version" value="18.9"/>
    <property name="localRepository" value="C:\Users\allen\.m2\repository"/>
    <property name="java.vendor.url.bug" value="http://bugreport.java.com/bugreport/"/>
    <property name="java.io.tmpdir" value="C:\Users\allen\AppData\Local\Temp\"/>
    <property name="java.version" value="11.0.2"/>
    <property name="user.dir" value="D:\Dev\Project\java\dreamland\dreamland-web"/>
    <property name="os.arch" value="amd64"/>
    <property name="java.vm.specification.name" value="Java Virtual Machine Specification"/>
    <property name="java.awt.printerjob" value="sun.awt.windows.WPrinterJob"/>
    <property name="sun.os.patch.level" value=""/>
    <property name="java.library.path" value="C:\Program Files\Java\jre1.8.0_171\bin;C:\WINDOWS\Sun\Java\bin;C:\WINDOWS\system32;C:\WINDOWS;C:\Program Files (x86)\Intel\Intel(R) Management Engine Components\iCLS\;C:\Program Files\Intel\Intel(R) Management Engine Components\iCLS\;C:\WINDOWS\system32;C:\WINDOWS;C:\WINDOWS\System32\Wbem;C:\WINDOWS\System32\WindowsPowerShell\v1.0\;C:\Program Files (x86)\Intel\Intel(R) Management Engine Components\DAL;C:\Program Files\Intel\Intel(R) Management Engine Components\DAL;C:\Program Files (x86)\Intel\Intel(R) Management Engine Components\IPT;C:\Program Files\Intel\Intel(R) Management Engine Components\IPT;D:\Software\Git\cmd;C:\WINDOWS\System32\OpenSSH\;C:\Program Files\Java\jdk-11.0.2\bin;;D:\Software\Microsoft VS Code\bin;D:\Software\python\Scripts\;D:\Software\python\;C:\Users\allen\AppData\Local\Microsoft\WindowsApps;C:\Program Files\Java\jdk-11.0.2\bin;D:\Software\Microsoft VS Code\bin;D:\Software\node-v8.11.2-win-x64;D:\Software\IntelliJ IDEA Community Edition 2019.1.3\bin;;D:\Software\apache-maven-3.6.3\bin;;."/>
    <property name="idea.version2019.3.2" value="true"/>
    <property name="java.vendor" value="Oracle Corporation"/>
    <property name="java.vm.info" value="mixed mode"/>
    <property name="java.vm.version" value="11.0.2+9-LTS"/>
    <property name="sun.io.unicode.encoding" value="UnicodeLittle"/>
    <property name="java.class.version" value="55.0"/>
  </properties>
  <testcase name="testSave" classname="TestTransaction" time="0.005">
    <error message="org/apache/commons/fileupload/FileItemFactory" type="java.lang.NoClassDefFoundError">java.lang.NoClassDefFoundError: org/apache/commons/fileupload/FileItemFactory
Caused by: java.lang.ClassNotFoundException: org.apache.commons.fileupload.FileItemFactory
</error>
    <system-out><![CDATA[[DEBUG][main][2020-02-06 23:11:09][org.springframework.test.context.junit4.SpringJUnit4ClassRunner] - SpringJUnit4ClassRunner constructor called with [class TestTransaction]
[DEBUG][main][2020-02-06 23:11:09][org.springframework.test.context.BootstrapUtils] - Instantiating CacheAwareContextLoaderDelegate from class [org.springframework.test.context.cache.DefaultCacheAwareContextLoaderDelegate]
[DEBUG][main][2020-02-06 23:11:09][org.springframework.test.context.BootstrapUtils] - Instantiating BootstrapContext using constructor [public org.springframework.test.context.support.DefaultBootstrapContext(java.lang.Class,org.springframework.test.context.CacheAwareContextLoaderDelegate)]
[DEBUG][main][2020-02-06 23:11:09][org.springframework.test.context.BootstrapUtils] - Instantiating TestContextBootstrapper for test class [TestTransaction] from class [org.springframework.test.context.support.DefaultTestContextBootstrapper]
[DEBUG][main][2020-02-06 23:11:09][org.springframework.test.context.support.AbstractDelegatingSmartContextLoader] - Delegating to GenericXmlContextLoader to process context configuration [ContextConfigurationAttributes@279fedbd declaringClass = 'TestTransaction', classes = '{}', locations = '{classpath:spring-mybatis.xml, classpath:spring-mvc.xml}', inheritLocations = true, initializers = '{}', inheritInitializers = true, name = [null], contextLoaderClass = 'org.springframework.test.context.ContextLoader'].
[DEBUG][main][2020-02-06 23:11:09][org.springframework.test.context.support.ActiveProfilesUtils] - Could not find an 'annotation declaring class' for annotation type [org.springframework.test.context.ActiveProfiles] and class [TestTransaction]
[INFO][main][2020-02-06 23:11:09][org.springframework.test.context.support.AbstractTestContextBootstrapper] - Using TestExecutionListeners: [org.springframework.test.context.web.ServletTestExecutionListener@4961f6af, org.springframework.test.context.support.DirtiesContextBeforeModesTestExecutionListener@5aebe890, org.springframework.test.context.support.DependencyInjectionTestExecutionListener@65d09a04, org.springframework.test.context.support.DirtiesContextTestExecutionListener@33c911a1]
[DEBUG][main][2020-02-06 23:11:09][org.springframework.test.annotation.ProfileValueUtils] - Retrieved @ProfileValueSourceConfiguration [null] for test class [TestTransaction]
[DEBUG][main][2020-02-06 23:11:09][org.springframework.test.annotation.ProfileValueUtils] - Retrieved ProfileValueSource type [class org.springframework.test.annotation.SystemProfileValueSource] for class [TestTransaction]
[DEBUG][main][2020-02-06 23:11:09][org.springframework.test.annotation.ProfileValueUtils] - Retrieved @ProfileValueSourceConfiguration [null] for test class [TestTransaction]
[DEBUG][main][2020-02-06 23:11:09][org.springframework.test.annotation.ProfileValueUtils] - Retrieved ProfileValueSource type [class org.springframework.test.annotation.SystemProfileValueSource] for class [TestTransaction]
[DEBUG][main][2020-02-06 23:11:09][org.springframework.test.annotation.ProfileValueUtils] - Retrieved @ProfileValueSourceConfiguration [null] for test class [TestTransaction]
[DEBUG][main][2020-02-06 23:11:09][org.springframework.test.annotation.ProfileValueUtils] - Retrieved ProfileValueSource type [class org.springframework.test.annotation.SystemProfileValueSource] for class [TestTransaction]
[DEBUG][main][2020-02-06 23:11:09][org.springframework.test.context.support.AbstractDirtiesContextTestExecutionListener] - Before test class: context [DefaultTestContext@38102d01 testClass = TestTransaction, testInstance = [null], testMethod = [null], testException = [null], mergedContextConfiguration = [MergedContextConfiguration@37883b97 testClass = TestTransaction, locations = '{classpath:spring-mybatis.xml, classpath:spring-mvc.xml}', classes = '{}', contextInitializerClasses = '[]', activeProfiles = '{}', propertySourceLocations = '{}', propertySourceProperties = '{}', contextLoader = 'org.springframework.test.context.support.DelegatingSmartContextLoader', parent = [null]]], class annotated with @DirtiesContext [false] with mode [null].
[DEBUG][main][2020-02-06 23:11:09][org.springframework.test.annotation.ProfileValueUtils] - Retrieved @ProfileValueSourceConfiguration [null] for test class [TestTransaction]
[DEBUG][main][2020-02-06 23:11:09][org.springframework.test.annotation.ProfileValueUtils] - Retrieved ProfileValueSource type [class org.springframework.test.annotation.SystemProfileValueSource] for class [TestTransaction]
[DEBUG][main][2020-02-06 23:11:09][org.springframework.test.context.support.DependencyInjectionTestExecutionListener] - Performing dependency injection for test context [[DefaultTestContext@38102d01 testClass = TestTransaction, testInstance = TestTransaction@2898ac89, testMethod = [null], testException = [null], mergedContextConfiguration = [MergedContextConfiguration@37883b97 testClass = TestTransaction, locations = '{classpath:spring-mybatis.xml, classpath:spring-mvc.xml}', classes = '{}', contextInitializerClasses = '[]', activeProfiles = '{}', propertySourceLocations = '{}', propertySourceProperties = '{}', contextLoader = 'org.springframework.test.context.support.DelegatingSmartContextLoader', parent = [null]]]].
[DEBUG][main][2020-02-06 23:11:09][org.springframework.test.context.support.AbstractDelegatingSmartContextLoader] - Delegating to GenericXmlContextLoader to load context from [MergedContextConfiguration@37883b97 testClass = TestTransaction, locations = '{classpath:spring-mybatis.xml, classpath:spring-mvc.xml}', classes = '{}', contextInitializerClasses = '[]', activeProfiles = '{}', propertySourceLocations = '{}', propertySourceProperties = '{}', contextLoader = 'org.springframework.test.context.support.DelegatingSmartContextLoader', parent = [null]].
[DEBUG][main][2020-02-06 23:11:09][org.springframework.test.context.support.AbstractGenericContextLoader] - Loading ApplicationContext for merged context configuration [[MergedContextConfiguration@37883b97 testClass = TestTransaction, locations = '{classpath:spring-mybatis.xml, classpath:spring-mvc.xml}', classes = '{}', contextInitializerClasses = '[]', activeProfiles = '{}', propertySourceLocations = '{}', propertySourceProperties = '{}', contextLoader = 'org.springframework.test.context.support.DelegatingSmartContextLoader', parent = [null]]].
[DEBUG][main][2020-02-06 23:11:09][org.springframework.core.env.MutablePropertySources] - Adding [systemProperties] PropertySource with lowest search precedence
[DEBUG][main][2020-02-06 23:11:09][org.springframework.core.env.MutablePropertySources] - Adding [systemEnvironment] PropertySource with lowest search precedence
[DEBUG][main][2020-02-06 23:11:09][org.springframework.core.env.AbstractEnvironment] - Initialized StandardEnvironment with PropertySources [systemProperties,systemEnvironment]
[INFO][main][2020-02-06 23:11:09][org.springframework.beans.factory.xml.XmlBeanDefinitionReader] - Loading XML bean definitions from class path resource [spring-mybatis.xml]
[DEBUG][main][2020-02-06 23:11:09][org.springframework.beans.factory.xml.DefaultDocumentLoader] - Using JAXP provider [com.sun.org.apache.xerces.internal.jaxp.DocumentBuilderFactoryImpl]
[DEBUG][main][2020-02-06 23:11:09][org.springframework.beans.factory.xml.PluggableSchemaResolver] - Loading schema mappings from [META-INF/spring.schemas]
[DEBUG][main][2020-02-06 23:11:09][org.springframework.beans.factory.xml.PluggableSchemaResolver] - Loaded schema mappings: {http://www.springframework.org/schema/context/spring-context-3.2.xsd=org/springframework/context/config/spring-context-3.2.xsd, http://www.springframework.org/schema/beans/spring-beans-4.0.xsd=org/springframework/beans/factory/xml/spring-beans-4.0.xsd, http://www.springframework.org/schema/tx/spring-tx-2.5.xsd=org/springframework/transaction/config/spring-tx-2.5.xsd, http://www.springframework.org/schema/context/spring-context-2.5.xsd=org/springframework/context/config/spring-context-2.5.xsd, http://www.springframework.org/schema/tx/spring-tx-3.2.xsd=org/springframework/transaction/config/spring-tx-3.2.xsd, http://www.springframework.org/schema/tool/spring-tool-2.0.xsd=org/springframework/beans/factory/xml/spring-tool-2.0.xsd, http://www.springframework.org/schema/util/spring-util-4.2.xsd=org/springframework/beans/factory/xml/spring-util-4.2.xsd, http://www.springframework.org/schema/oxm/spring-oxm-3.1.xsd=org/springframework/oxm/config/spring-oxm-3.1.xsd, http://www.springframework.org/schema/tx/spring-tx-3.0.xsd=org/springframework/transaction/config/spring-tx-3.0.xsd, http://www.springframework.org/schema/beans/spring-beans-4.2.xsd=org/springframework/beans/factory/xml/spring-beans-4.2.xsd, http://www.springframework.org/schema/cache/spring-cache-4.1.xsd=org/springframework/cache/config/spring-cache-4.1.xsd, http://www.springframework.org/schema/lang/spring-lang-3.0.xsd=org/springframework/scripting/config/spring-lang-3.0.xsd, http://www.springframework.org/schema/tool/spring-tool-4.1.xsd=org/springframework/beans/factory/xml/spring-tool-4.1.xsd, http://www.springframework.org/schema/util/spring-util-4.0.xsd=org/springframework/beans/factory/xml/spring-util-4.0.xsd, http://www.springframework.org/schema/jdbc/spring-jdbc-4.2.xsd=org/springframework/jdbc/config/spring-jdbc-4.2.xsd, http://www.springframework.org/schema/jdbc/spring-jdbc.xsd=org/springframework/jdbc/config/spring-jdbc-4.2.xsd, http://www.springframework.org/schema/lang/spring-lang.xsd=org/springframework/scripting/config/spring-lang-4.2.xsd, http://www.springframework.org/schema/context/spring-context-4.1.xsd=org/springframework/context/config/spring-context-4.1.xsd, http://www.springframework.org/schema/aop/spring-aop-4.2.xsd=org/springframework/aop/config/spring-aop-4.2.xsd, http://www.springframework.org/schema/jee/spring-jee-4.2.xsd=org/springframework/ejb/config/spring-jee-4.2.xsd, http://www.springframework.org/schema/tool/spring-tool-3.1.xsd=org/springframework/beans/factory/xml/spring-tool-3.1.xsd, http://www.springframework.org/schema/jdbc/spring-jdbc-3.1.xsd=org/springframework/jdbc/config/spring-jdbc-3.1.xsd, http://www.springframework.org/schema/jee/spring-jee-4.1.xsd=org/springframework/ejb/config/spring-jee-4.1.xsd, http://www.springframework.org/schema/aop/spring-aop-4.1.xsd=org/springframework/aop/config/spring-aop-4.1.xsd, http://www.springframework.org/schema/util/spring-util.xsd=org/springframework/beans/factory/xml/spring-util-4.2.xsd, http://www.springframework.org/schema/mvc/spring-mvc-3.2.xsd=org/springframework/web/servlet/config/spring-mvc-3.2.xsd, http://www.springframework.org/schema/jms/spring-jms.xsd=org/springframework/jms/config/spring-jms-4.2.xsd, http://www.springframework.org/schema/lang/spring-lang-4.1.xsd=org/springframework/scripting/config/spring-lang-4.1.xsd, http://www.springframework.org/schema/lang/spring-lang-2.5.xsd=org/springframework/scripting/config/spring-lang-2.5.xsd, http://www.springframework.org/schema/jee/spring-jee.xsd=org/springframework/ejb/config/spring-jee-4.2.xsd, http://www.springframework.org/schema/util/spring-util-3.1.xsd=org/springframework/beans/factory/xml/spring-util-3.1.xsd, http://www.springframework.org/schema/jms/spring-jms-4.1.xsd=org/springframework/jms/config/spring-jms-4.1.xsd, http://www.springframework.org/schema/mvc/spring-mvc-4.0.xsd=org/springframework/web/servlet/config/spring-mvc-4.0.xsd, http://www.springframework.org/schema/jee/spring-jee-2.5.xsd=org/springframework/ejb/config/spring-jee-2.5.xsd, http://www.springframework.org/schema/task/spring-task-4.0.xsd=org/springframework/scheduling/config/spring-task-4.0.xsd, http://www.springframework.org/schema/aop/spring-aop-2.5.xsd=org/springframework/aop/config/spring-aop-2.5.xsd, http://www.springframework.org/schema/cache/spring-cache-3.1.xsd=org/springframework/cache/config/spring-cache-3.1.xsd, http://www.springframework.org/schema/tool/spring-tool-2.5.xsd=org/springframework/beans/factory/xml/spring-tool-2.5.xsd, http://www.springframework.org/schema/oxm/spring-oxm-4.1.xsd=org/springframework/oxm/config/spring-oxm-4.1.xsd, http://www.springframework.org/schema/task/spring-task-3.2.xsd=org/springframework/scheduling/config/spring-task-3.2.xsd, http://www.springframework.org/schema/tx/spring-tx-4.2.xsd=org/springframework/transaction/config/spring-tx-4.2.xsd, http://www.springframework.org/schema/aop/spring-aop-3.1.xsd=org/springframework/aop/config/spring-aop-3.1.xsd, http://www.springframework.org/schema/jee/spring-jee-3.1.xsd=org/springframework/ejb/config/spring-jee-3.1.xsd, http://www.springframework.org/schema/jms/spring-jms-2.5.xsd=org/springframework/jms/config/spring-jms-2.5.xsd, http://www.springframework.org/schema/mvc/spring-mvc-3.0.xsd=org/springframework/web/servlet/config/spring-mvc-3.0.xsd, http://www.springframework.org/schema/beans/spring-beans-3.1.xsd=org/springframework/beans/factory/xml/spring-beans-3.1.xsd, http://www.springframework.org/schema/tx/spring-tx.xsd=org/springframework/transaction/config/spring-tx-4.2.xsd, http://www.springframework.org/schema/jms/spring-jms-3.1.xsd=org/springframework/jms/config/spring-jms-3.1.xsd, http://www.springframework.org/schema/lang/spring-lang-2.0.xsd=org/springframework/scripting/config/spring-lang-2.0.xsd, http://www.springframework.org/schema/oxm/spring-oxm.xsd=org/springframework/oxm/config/spring-oxm-4.2.xsd, http://www.springframework.org/schema/task/spring-task-3.0.xsd=org/springframework/scheduling/config/spring-task-3.0.xsd, http://www.springframework.org/schema/tx/spring-tx-4.0.xsd=org/springframework/transaction/config/spring-tx-4.0.xsd, http://www.springframework.org/schema/context/spring-context-3.0.xsd=org/springframework/context/config/spring-context-3.0.xsd, http://www.springframework.org/schema/cache/spring-cache.xsd=org/springframework/cache/config/spring-cache-4.2.xsd, http://www.springframework.org/schema/oxm/spring-oxm-3.2.xsd=org/springframework/oxm/config/spring-oxm-3.2.xsd, http://www.springframework.org/schema/context/spring-context-4.0.xsd=org/springframework/context/config/spring-context-4.0.xsd, http://www.springframework.org/schema/jee/spring-jee-2.0.xsd=org/springframework/ejb/config/spring-jee-2.0.xsd, http://www.springframework.org/schema/aop/spring-aop-2.0.xsd=org/springframework/aop/config/spring-aop-2.0.xsd, http://www.springframework.org/schema/util/spring-util-2.0.xsd=org/springframework/beans/factory/xml/spring-util-2.0.xsd, http://www.springframework.org/schema/cache/spring-cache-4.2.xsd=org/springframework/cache/config/spring-cache-4.2.xsd, http://www.springframework.org/schema/tx/spring-tx-3.1.xsd=org/springframework/transaction/config/spring-tx-3.1.xsd, http://www.springframework.org/schema/context/spring-context-3.1.xsd=org/springframework/context/config/spring-context-3.1.xsd, http://www.springframework.org/schema/tool/spring-tool.xsd=org/springframework/beans/factory/xml/spring-tool-4.2.xsd, http://www.springframework.org/schema/beans/spring-beans-3.2.xsd=org/springframework/beans/factory/xml/spring-beans-3.2.xsd, http://www.springframework.org/schema/jms/spring-jms-3.0.xsd=org/springframework/jms/config/spring-jms-3.0.xsd, http://www.springframework.org/schema/beans/spring-beans-2.5.xsd=org/springframework/beans/factory/xml/spring-beans-2.5.xsd, http://mybatis.org/schema/mybatis-spring.xsd=org/mybatis/spring/config/mybatis-spring-1.2.xsd, http://www.springframework.org/schema/util/spring-util-4.1.xsd=org/springframework/beans/factory/xml/spring-util-4.1.xsd, http://www.springframework.org/schema/tool/spring-tool-4.0.xsd=org/springframework/beans/factory/xml/spring-tool-4.0.xsd, http://www.springframework.org/schema/beans/spring-beans.xsd=org/springframework/beans/factory/xml/spring-beans-4.2.xsd, http://www.springframework.org/schema/jdbc/spring-jdbc-4.1.xsd=org/springframework/jdbc/config/spring-jdbc-4.1.xsd, http://mybatis.org/schema/mybatis-spring-1.2.xsd=org/mybatis/spring/config/mybatis-spring-1.2.xsd, http://www.springframework.org/schema/context/spring-context-4.2.xsd=org/springframework/context/config/spring-context-4.2.xsd, http://www.springframework.org/schema/beans/spring-beans-4.1.xsd=org/springframework/beans/factory/xml/spring-beans-4.1.xsd, http://www.springframework.org/schema/oxm/spring-oxm-3.0.xsd=org/springframework/oxm/config/spring-oxm-3.0.xsd, http://www.springframework.org/schema/mvc/spring-mvc-4.2.xsd=org/springframework/web/servlet/config/spring-mvc-4.2.xsd, http://www.springframework.org/schema/cache/spring-cache-4.0.xsd=org/springframework/cache/config/spring-cache-4.0.xsd, http://www.springframework.org/schema/tool/spring-tool-4.2.xsd=org/springframework/beans/factory/xml/spring-tool-4.2.xsd, http://www.springframework.org/schema/util/spring-util-2.5.xsd=org/springframework/beans/factory/xml/spring-util-2.5.xsd, http://www.springframework.org/schema/lang/spring-lang-3.1.xsd=org/springframework/scripting/config/spring-lang-3.1.xsd, http://www.springframework.org/schema/task/spring-task.xsd=org/springframework/scheduling/config/spring-task-4.2.xsd, http://www.springframework.org/schema/task/spring-task-4.2.xsd=org/springframework/scheduling/config/spring-task-4.2.xsd, http://www.springframework.org/schema/aop/spring-aop.xsd=org/springframework/aop/config/spring-aop-4.2.xsd, http://www.springframework.org/schema/lang/spring-lang-4.0.xsd=org/springframework/scripting/config/spring-lang-4.0.xsd, http://www.springframework.org/schema/jms/spring-jms-4.2.xsd=org/springframework/jms/config/spring-jms-4.2.xsd, http://www.springframework.org/schema/beans/spring-beans-2.0.xsd=org/springframework/beans/factory/xml/spring-beans-2.0.xsd, http://www.springframework.org/schema/mvc/spring-mvc-4.1.xsd=org/springframework/web/servlet/config/spring-mvc-4.1.xsd, http://www.springframework.org/schema/task/spring-task-4.1.xsd=org/springframework/scheduling/config/spring-task-4.1.xsd, http://www.springframework.org/schema/util/spring-util-3.2.xsd=org/springframework/beans/factory/xml/spring-util-3.2.xsd, http://www.springframework.org/schema/tx/spring-tx-2.0.xsd=org/springframework/transaction/config/spring-tx-2.0.xsd, http://www.springframework.org/schema/lang/spring-lang-3.2.xsd=org/springframework/scripting/config/spring-lang-3.2.xsd, http://www.springframework.org/schema/cache/spring-cache-3.2.xsd=org/springframework/cache/config/spring-cache-3.2.xsd, http://www.springframework.org/schema/util/spring-util-3.0.xsd=org/springframework/beans/factory/xml/spring-util-3.0.xsd, http://www.springframework.org/schema/jee/spring-jee-3.2.xsd=org/springframework/ejb/config/spring-jee-3.2.xsd, http://www.springframework.org/schema/mvc/spring-mvc.xsd=org/springframework/web/servlet/config/spring-mvc-4.2.xsd, http://www.springframework.org/schema/jdbc/spring-jdbc-4.0.xsd=org/springframework/jdbc/config/spring-jdbc-4.0.xsd, http://www.springframework.org/schema/tool/spring-tool-3.2.xsd=org/springframework/beans/factory/xml/spring-tool-3.2.xsd, http://www.springframework.org/schema/aop/spring-aop-3.2.xsd=org/springframework/aop/config/spring-aop-3.2.xsd, http://www.springframework.org/schema/jdbc/spring-jdbc-3.2.xsd=org/springframework/jdbc/config/spring-jdbc-3.2.xsd, http://www.springframework.org/schema/context/spring-context.xsd=org/springframework/context/config/spring-context-4.2.xsd, http://www.springframework.org/schema/aop/spring-aop-4.0.xsd=org/springframework/aop/config/spring-aop-4.0.xsd, http://www.springframework.org/schema/jee/spring-jee-4.0.xsd=org/springframework/ejb/config/spring-jee-4.0.xsd, http://www.springframework.org/schema/beans/spring-beans-3.0.xsd=org/springframework/beans/factory/xml/spring-beans-3.0.xsd, http://www.springframework.org/schema/jms/spring-jms-3.2.xsd=org/springframework/jms/config/spring-jms-3.2.xsd, http://www.springframework.org/schema/mvc/spring-mvc-3.1.xsd=org/springframework/web/servlet/config/spring-mvc-3.1.xsd, http://www.springframework.org/schema/jee/spring-jee-3.0.xsd=org/springframework/ejb/config/spring-jee-3.0.xsd, http://www.springframework.org/schema/aop/spring-aop-3.0.xsd=org/springframework/aop/config/spring-aop-3.0.xsd, http://www.springframework.org/schema/jms/spring-jms-4.0.xsd=org/springframework/jms/config/spring-jms-4.0.xsd, http://www.springframework.org/schema/oxm/spring-oxm-4.2.xsd=org/springframework/oxm/config/spring-oxm-4.2.xsd, http://www.springframework.org/schema/jdbc/spring-jdbc-3.0.xsd=org/springframework/jdbc/config/spring-jdbc-3.0.xsd, http://www.springframework.org/schema/oxm/spring-oxm-4.0.xsd=org/springframework/oxm/config/spring-oxm-4.0.xsd, http://www.springframework.org/schema/task/spring-task-3.1.xsd=org/springframework/scheduling/config/spring-task-3.1.xsd, http://www.springframework.org/schema/tx/spring-tx-4.1.xsd=org/springframework/transaction/config/spring-tx-4.1.xsd, http://www.springframework.org/schema/tool/spring-tool-3.0.xsd=org/springframework/beans/factory/xml/spring-tool-3.0.xsd, http://www.springframework.org/schema/lang/spring-lang-4.2.xsd=org/springframework/scripting/config/spring-lang-4.2.xsd}
[DEBUG][main][2020-02-06 23:11:09][org.springframework.beans.factory.xml.PluggableSchemaResolver] - Found XML schema [http://www.springframework.org/schema/beans/spring-beans-3.1.xsd] in classpath: org/springframework/beans/factory/xml/spring-beans-3.1.xsd
[DEBUG][main][2020-02-06 23:11:09][org.springframework.beans.factory.xml.PluggableSchemaResolver] - Found XML schema [http://www.springframework.org/schema/context/spring-context-3.1.xsd] in classpath: org/springframework/context/config/spring-context-3.1.xsd
[DEBUG][main][2020-02-06 23:11:09][org.springframework.beans.factory.xml.PluggableSchemaResolver] - Found XML schema [http://www.springframework.org/schema/tool/spring-tool-3.1.xsd] in classpath: org/springframework/beans/factory/xml/spring-tool-3.1.xsd
[DEBUG][main][2020-02-06 23:11:09][org.springframework.beans.factory.xml.PluggableSchemaResolver] - Found XML schema [http://www.springframework.org/schema/tx/spring-tx.xsd] in classpath: org/springframework/transaction/config/spring-tx-4.2.xsd
[DEBUG][main][2020-02-06 23:11:09][org.springframework.beans.factory.xml.DefaultBeanDefinitionDocumentReader] - Loading bean definitions
[DEBUG][main][2020-02-06 23:11:09][org.springframework.beans.factory.xml.DefaultNamespaceHandlerResolver] - Loaded NamespaceHandler mappings: {http://www.springframework.org/schema/aop=org.springframework.aop.config.AopNamespaceHandler, http://www.springframework.org/schema/oxm=org.springframework.oxm.config.OxmNamespaceHandler, http://www.springframework.org/schema/task=org.springframework.scheduling.config.TaskNamespaceHandler, http://mybatis.org/schema/mybatis-spring=org.mybatis.spring.config.NamespaceHandler, http://www.springframework.org/schema/lang=org.springframework.scripting.config.LangNamespaceHandler, http://www.springframework.org/schema/c=org.springframework.beans.factory.xml.SimpleConstructorNamespaceHandler, http://www.springframework.org/schema/jee=org.springframework.ejb.config.JeeNamespaceHandler, http://www.springframework.org/schema/jms=org.springframework.jms.config.JmsNamespaceHandler, http://www.springframework.org/schema/cache=org.springframework.cache.config.CacheNamespaceHandler, http://www.springframework.org/schema/jdbc=org.springframework.jdbc.config.JdbcNamespaceHandler, http://www.springframework.org/schema/p=org.springframework.beans.factory.xml.SimplePropertyNamespaceHandler, http://www.springframework.org/schema/util=org.springframework.beans.factory.xml.UtilNamespaceHandler, http://www.springframework.org/schema/tx=org.springframework.transaction.config.TxNamespaceHandler, http://www.springframework.org/schema/context=org.springframework.context.config.ContextNamespaceHandler, http://www.springframework.org/schema/mvc=org.springframework.web.servlet.config.MvcNamespaceHandler}
[DEBUG][main][2020-02-06 23:11:09][org.springframework.context.annotation.ClassPathScanningCandidateComponentProvider] - JSR-250 'javax.annotation.ManagedBean' found and supported for component scanning
[DEBUG][main][2020-02-06 23:11:09][org.springframework.context.annotation.ClassPathScanningCandidateComponentProvider] - JSR-330 'javax.inject.Named' annotation found and supported for component scanning
[DEBUG][main][2020-02-06 23:11:09][org.springframework.core.io.support.PathMatchingResourcePatternResolver] - Resolved classpath location [wang/dreamland/www/] to resources []
[DEBUG][main][2020-02-06 23:11:09][org.springframework.core.io.support.PathMatchingResourcePatternResolver] - Resolved location pattern [classpath*:wang/dreamland/www/**/*.class] to resources []
[DEBUG][main][2020-02-06 23:11:09][org.springframework.beans.factory.xml.BeanDefinitionParserDelegate] - Neither XML 'id' nor 'name' specified - using generated bean name [org.mybatis.spring.mapper.MapperScannerConfigurer#0]
[DEBUG][main][2020-02-06 23:11:09][org.springframework.beans.factory.support.AbstractBeanDefinitionReader] - Loaded 17 bean definitions from location pattern [classpath:spring-mybatis.xml]
[INFO][main][2020-02-06 23:11:09][org.springframework.beans.factory.xml.XmlBeanDefinitionReader] - Loading XML bean definitions from class path resource [spring-mvc.xml]
[DEBUG][main][2020-02-06 23:11:09][org.springframework.beans.factory.xml.DefaultDocumentLoader] - Using JAXP provider [com.sun.org.apache.xerces.internal.jaxp.DocumentBuilderFactoryImpl]
[DEBUG][main][2020-02-06 23:11:09][org.springframework.beans.factory.xml.PluggableSchemaResolver] - Found XML schema [http://www.springframework.org/schema/beans/spring-beans-4.0.xsd] in classpath: org/springframework/beans/factory/xml/spring-beans-4.0.xsd
[DEBUG][main][2020-02-06 23:11:09][org.springframework.beans.factory.xml.PluggableSchemaResolver] - Found XML schema [http://www.springframework.org/schema/mvc/spring-mvc-4.0.xsd] in classpath: org/springframework/web/servlet/config/spring-mvc-4.0.xsd
[DEBUG][main][2020-02-06 23:11:09][org.springframework.beans.factory.xml.PluggableSchemaResolver] - Found XML schema [http://www.springframework.org/schema/tool/spring-tool-4.0.xsd] in classpath: org/springframework/beans/factory/xml/spring-tool-4.0.xsd
[DEBUG][main][2020-02-06 23:11:09][org.springframework.beans.factory.xml.PluggableSchemaResolver] - Found XML schema [http://www.springframework.org/schema/context/spring-context-4.0.xsd] in classpath: org/springframework/context/config/spring-context-4.0.xsd
[DEBUG][main][2020-02-06 23:11:09][org.springframework.beans.factory.xml.DefaultBeanDefinitionDocumentReader] - Loading bean definitions
[DEBUG][main][2020-02-06 23:11:09][org.springframework.context.annotation.ClassPathScanningCandidateComponentProvider] - JSR-250 'javax.annotation.ManagedBean' found and supported for component scanning
[DEBUG][main][2020-02-06 23:11:09][org.springframework.context.annotation.ClassPathScanningCandidateComponentProvider] - JSR-330 'javax.inject.Named' annotation found and supported for component scanning
[DEBUG][main][2020-02-06 23:11:09][org.springframework.core.io.support.PathMatchingResourcePatternResolver] - Resolved classpath location [archer/dreamland/www/controller/] to resources []
[DEBUG][main][2020-02-06 23:11:09][org.springframework.core.io.support.PathMatchingResourcePatternResolver] - Resolved location pattern [classpath*:archer/dreamland/www/controller/**/*.class] to resources []
[DEBUG][main][2020-02-06 23:11:09][org.springframework.beans.factory.xml.BeanDefinitionParserDelegate] - Neither XML 'id' nor 'name' specified - using generated bean name [org.springframework.web.servlet.view.InternalResourceViewResolver#0]
[DEBUG][main][2020-02-06 23:11:09][org.springframework.beans.factory.support.AbstractBeanDefinitionReader] - Loaded 29 bean definitions from location pattern [classpath:spring-mvc.xml]
[INFO][main][2020-02-06 23:11:09][org.springframework.context.support.AbstractApplicationContext] - Refreshing org.springframework.context.support.GenericApplicationContext@6497b078: startup date [Thu Feb 06 23:11:09 GMT+08:00 2020]; root of context hierarchy
[DEBUG][main][2020-02-06 23:11:09][org.springframework.context.support.AbstractApplicationContext] - Bean factory for org.springframework.context.support.GenericApplicationContext@6497b078: org.springframework.beans.factory.support.DefaultListableBeanFactory@4331d187: defining beans [org.springframework.context.annotation.internalConfigurationAnnotationProcessor,org.springframework.context.annotation.internalAutowiredAnnotationProcessor,org.springframework.context.annotation.internalRequiredAnnotationProcessor,org.springframework.context.annotation.internalCommonAnnotationProcessor,org.springframework.context.event.internalEventListenerProcessor,org.springframework.context.event.internalEventListenerFactory,configProperties,propertyConfigurer,dataSource,sqlSessionFactory,org.mybatis.spring.mapper.MapperScannerConfigurer#0,transactionManager,org.springframework.transaction.config.internalTransactionalEventListenerFactory,org.springframework.aop.config.internalAutoProxyCreator,org.springframework.transaction.annotation.AnnotationTransactionAttributeSource#0,org.springframework.transaction.interceptor.TransactionInterceptor#0,org.springframework.transaction.config.internalTransactionAdvisor,org.springframework.web.servlet.resource.DefaultServletHttpRequestHandler#0,org.springframework.web.servlet.handler.SimpleUrlHandlerMapping#0,mvcCorsConfigurations,org.springframework.web.servlet.handler.BeanNameUrlHandlerMapping,org.springframework.web.servlet.mvc.HttpRequestHandlerAdapter,org.springframework.web.servlet.mvc.SimpleControllerHandlerAdapter,mappingJacksonHttpMessageConverter,mvcContentNegotiationManager,org.springframework.web.servlet.mvc.method.annotation.RequestMappingHandlerMapping,org.springframework.format.support.FormattingConversionServiceFactoryBean#0,org.springframework.validation.beanvalidation.OptionalValidatorFactoryBean#0,org.springframework.web.servlet.mvc.method.annotation.RequestMappingHandlerAdapter,mvcUriComponentsContributor,org.springframework.web.servlet.handler.MappedInterceptor#0,org.springframework.web.servlet.mvc.method.annotation.ExceptionHandlerExceptionResolver#0,org.springframework.web.servlet.mvc.annotation.ResponseStatusExceptionResolver#0,org.springframework.web.servlet.mvc.support.DefaultHandlerExceptionResolver#0,org.springframework.web.servlet.view.InternalResourceViewResolver#0,multipartResolver,mvcResourceUrlProvider,org.springframework.web.servlet.handler.MappedInterceptor#1,org.springframework.web.servlet.resource.ResourceHttpRequestHandler#0,mvcPathMatcher,mvcUrlPathHelper,org.springframework.web.servlet.handler.SimpleUrlHandlerMapping#1,org.springframework.web.servlet.resource.ResourceHttpRequestHandler#1,org.springframework.web.servlet.handler.SimpleUrlHandlerMapping#2,org.springframework.web.servlet.resource.ResourceHttpRequestHandler#2,org.springframework.web.servlet.handler.SimpleUrlHandlerMapping#3]; root of factory hierarchy
[DEBUG][main][2020-02-06 23:11:09][org.springframework.beans.factory.support.DefaultSingletonBeanRegistry] - Creating shared instance of singleton bean 'org.springframework.context.annotation.internalConfigurationAnnotationProcessor'
[DEBUG][main][2020-02-06 23:11:09][org.springframework.beans.factory.support.AbstractAutowireCapableBeanFactory] - Creating instance of bean 'org.springframework.context.annotation.internalConfigurationAnnotationProcessor'
[DEBUG][main][2020-02-06 23:11:09][org.springframework.beans.factory.support.AbstractAutowireCapableBeanFactory] - Eagerly caching bean 'org.springframework.context.annotation.internalConfigurationAnnotationProcessor' to allow for resolving potential circular references
[DEBUG][main][2020-02-06 23:11:09][org.springframework.beans.factory.support.AbstractAutowireCapableBeanFactory] - Finished creating instance of bean 'org.springframework.context.annotation.internalConfigurationAnnotationProcessor'
[DEBUG][main][2020-02-06 23:11:09][org.springframework.beans.factory.support.DefaultSingletonBeanRegistry] - Creating shared instance of singleton bean 'org.mybatis.spring.mapper.MapperScannerConfigurer#0'
[DEBUG][main][2020-02-06 23:11:09][org.springframework.beans.factory.support.AbstractAutowireCapableBeanFactory] - Creating instance of bean 'org.mybatis.spring.mapper.MapperScannerConfigurer#0'
[DEBUG][main][2020-02-06 23:11:09][org.springframework.beans.factory.support.AbstractAutowireCapableBeanFactory] - Eagerly caching bean 'org.mybatis.spring.mapper.MapperScannerConfigurer#0' to allow for resolving potential circular references
[DEBUG][main][2020-02-06 23:11:09][org.springframework.beans.factory.support.AbstractAutowireCapableBeanFactory] - Invoking afterPropertiesSet() on bean with name 'org.mybatis.spring.mapper.MapperScannerConfigurer#0'
[DEBUG][main][2020-02-06 23:11:09][org.springframework.beans.factory.support.AbstractAutowireCapableBeanFactory] - Finished creating instance of bean 'org.mybatis.spring.mapper.MapperScannerConfigurer#0'
[DEBUG][main][2020-02-06 23:11:09][org.springframework.core.env.MutablePropertySources] - Adding [systemProperties] PropertySource with lowest search precedence
[DEBUG][main][2020-02-06 23:11:09][org.springframework.core.env.MutablePropertySources] - Adding [systemEnvironment] PropertySource with lowest search precedence
[DEBUG][main][2020-02-06 23:11:09][org.springframework.core.env.AbstractEnvironment] - Initialized StandardEnvironment with PropertySources [systemProperties,systemEnvironment]
[DEBUG][main][2020-02-06 23:11:09][org.springframework.core.io.support.PathMatchingResourcePatternResolver] - Resolved classpath location [archer/dreamland/www/dao/] to resources [URL [file:/D:/Dev/Project/java/dreamland/dreamland-web/target/classes/archer/dreamland/www/dao/]]
[DEBUG][main][2020-02-06 23:11:09][org.springframework.core.io.support.PathMatchingResourcePatternResolver] - Looking for matching resources in directory tree [D:\Dev\Project\java\dreamland\dreamland-web\target\classes\archer\dreamland\www\dao]
[DEBUG][main][2020-02-06 23:11:09][org.springframework.core.io.support.PathMatchingResourcePatternResolver] - Searching directory [D:\Dev\Project\java\dreamland\dreamland-web\target\classes\archer\dreamland\www\dao] for files matching pattern [D:/Dev/Project/java/dreamland/dreamland-web/target/classes/archer/dreamland/www/dao/**/*.class]
[DEBUG][main][2020-02-06 23:11:09][org.springframework.core.io.support.PathMatchingResourcePatternResolver] - Resolved location pattern [classpath*:archer/dreamland/www/dao/**/*.class] to resources [file [D:\Dev\Project\java\dreamland\dreamland-web\target\classes\archer\dreamland\www\dao\CommentMapper.class], file [D:\Dev\Project\java\dreamland\dreamland-web\target\classes\archer\dreamland\www\dao\LoginLogMapper.class], file [D:\Dev\Project\java\dreamland\dreamland-web\target\classes\archer\dreamland\www\dao\RoleMapper.class], file [D:\Dev\Project\java\dreamland\dreamland-web\target\classes\archer\dreamland\www\dao\RoleUserMapper.class], file [D:\Dev\Project\java\dreamland\dreamland-web\target\classes\archer\dreamland\www\dao\UpvoteMapper.class], file [D:\Dev\Project\java\dreamland\dreamland-web\target\classes\archer\dreamland\www\dao\UserContentMapper.class], file [D:\Dev\Project\java\dreamland\dreamland-web\target\classes\archer\dreamland\www\dao\UserInfoMapper.class], file [D:\Dev\Project\java\dreamland\dreamland-web\target\classes\archer\dreamland\www\dao\UserMapper.class]]
[DEBUG][main][2020-02-06 23:11:09][org.springframework.context.annotation.ClassPathScanningCandidateComponentProvider] - Identified candidate component class: file [D:\Dev\Project\java\dreamland\dreamland-web\target\classes\archer\dreamland\www\dao\CommentMapper.class]
[DEBUG][main][2020-02-06 23:11:09][org.springframework.context.annotation.ClassPathScanningCandidateComponentProvider] - Identified candidate component class: file [D:\Dev\Project\java\dreamland\dreamland-web\target\classes\archer\dreamland\www\dao\LoginLogMapper.class]
[DEBUG][main][2020-02-06 23:11:09][org.springframework.context.annotation.ClassPathScanningCandidateComponentProvider] - Identified candidate component class: file [D:\Dev\Project\java\dreamland\dreamland-web\target\classes\archer\dreamland\www\dao\RoleMapper.class]
[DEBUG][main][2020-02-06 23:11:09][org.springframework.context.annotation.ClassPathScanningCandidateComponentProvider] - Identified candidate component class: file [D:\Dev\Project\java\dreamland\dreamland-web\target\classes\archer\dreamland\www\dao\RoleUserMapper.class]
[DEBUG][main][2020-02-06 23:11:09][org.springframework.context.annotation.ClassPathScanningCandidateComponentProvider] - Identified candidate component class: file [D:\Dev\Project\java\dreamland\dreamland-web\target\classes\archer\dreamland\www\dao\UpvoteMapper.class]
[DEBUG][main][2020-02-06 23:11:09][org.springframework.context.annotation.ClassPathScanningCandidateComponentProvider] - Identified candidate component class: file [D:\Dev\Project\java\dreamland\dreamland-web\target\classes\archer\dreamland\www\dao\UserContentMapper.class]
[DEBUG][main][2020-02-06 23:11:09][org.springframework.context.annotation.ClassPathScanningCandidateComponentProvider] - Identified candidate component class: file [D:\Dev\Project\java\dreamland\dreamland-web\target\classes\archer\dreamland\www\dao\UserInfoMapper.class]
[DEBUG][main][2020-02-06 23:11:09][org.springframework.context.annotation.ClassPathScanningCandidateComponentProvider] - Identified candidate component class: file [D:\Dev\Project\java\dreamland\dreamland-web\target\classes\archer\dreamland\www\dao\UserMapper.class]
[DEBUG][main][2020-02-06 23:11:09][org.mybatis.spring.mapper.ClassPathMapperScanner] - Creating MapperFactoryBean with name 'commentMapper' and 'archer.dreamland.www.dao.CommentMapper' mapperInterface
[DEBUG][main][2020-02-06 23:11:09][org.mybatis.spring.mapper.ClassPathMapperScanner] - Creating MapperFactoryBean with name 'loginLogMapper' and 'archer.dreamland.www.dao.LoginLogMapper' mapperInterface
[DEBUG][main][2020-02-06 23:11:09][org.mybatis.spring.mapper.ClassPathMapperScanner] - Creating MapperFactoryBean with name 'roleMapper' and 'archer.dreamland.www.dao.RoleMapper' mapperInterface
[DEBUG][main][2020-02-06 23:11:09][org.mybatis.spring.mapper.ClassPathMapperScanner] - Creating MapperFactoryBean with name 'roleUserMapper' and 'archer.dreamland.www.dao.RoleUserMapper' mapperInterface
[DEBUG][main][2020-02-06 23:11:09][org.mybatis.spring.mapper.ClassPathMapperScanner] - Creating MapperFactoryBean with name 'upvoteMapper' and 'archer.dreamland.www.dao.UpvoteMapper' mapperInterface
[DEBUG][main][2020-02-06 23:11:09][org.mybatis.spring.mapper.ClassPathMapperScanner] - Creating MapperFactoryBean with name 'userContentMapper' and 'archer.dreamland.www.dao.UserContentMapper' mapperInterface
[DEBUG][main][2020-02-06 23:11:09][org.mybatis.spring.mapper.ClassPathMapperScanner] - Creating MapperFactoryBean with name 'userInfoMapper' and 'archer.dreamland.www.dao.UserInfoMapper' mapperInterface
[DEBUG][main][2020-02-06 23:11:09][org.mybatis.spring.mapper.ClassPathMapperScanner] - Creating MapperFactoryBean with name 'userMapper' and 'archer.dreamland.www.dao.UserMapper' mapperInterface
[DEBUG][main][2020-02-06 23:11:09][org.springframework.beans.factory.support.DefaultSingletonBeanRegistry] - Creating shared instance of singleton bean 'propertyConfigurer'
[DEBUG][main][2020-02-06 23:11:09][org.springframework.beans.factory.support.AbstractAutowireCapableBeanFactory] - Creating instance of bean 'propertyConfigurer'
[DEBUG][main][2020-02-06 23:11:09][org.springframework.beans.factory.support.AbstractAutowireCapableBeanFactory] - Eagerly caching bean 'propertyConfigurer' to allow for resolving potential circular references
[DEBUG][main][2020-02-06 23:11:09][org.springframework.beans.factory.support.DefaultSingletonBeanRegistry] - Creating shared instance of singleton bean 'configProperties'
[DEBUG][main][2020-02-06 23:11:09][org.springframework.beans.factory.support.AbstractAutowireCapableBeanFactory] - Creating instance of bean 'configProperties'
[DEBUG][main][2020-02-06 23:11:09][org.springframework.beans.factory.support.AbstractAutowireCapableBeanFactory] - Eagerly caching bean 'configProperties' to allow for resolving potential circular references
[DEBUG][main][2020-02-06 23:11:10][org.springframework.beans.factory.support.AbstractAutowireCapableBeanFactory] - Invoking afterPropertiesSet() on bean with name 'configProperties'
[INFO][main][2020-02-06 23:11:10][org.springframework.core.io.support.PropertiesLoaderSupport] - Loading properties file from class path resource [jdbc.properties]
[DEBUG][main][2020-02-06 23:11:10][org.springframework.beans.factory.support.AbstractAutowireCapableBeanFactory] - Finished creating instance of bean 'configProperties'
[DEBUG][main][2020-02-06 23:11:10][org.springframework.beans.factory.support.AbstractAutowireCapableBeanFactory] - Invoking afterPropertiesSet() on bean with name 'propertyConfigurer'
[DEBUG][main][2020-02-06 23:11:11][org.springframework.beans.factory.support.AbstractAutowireCapableBeanFactory] - Finished creating instance of bean 'propertyConfigurer'
[DEBUG][main][2020-02-06 23:11:11][org.springframework.beans.factory.support.DefaultSingletonBeanRegistry] - Creating shared instance of singleton bean 'org.springframework.context.annotation.internalAutowiredAnnotationProcessor'
[DEBUG][main][2020-02-06 23:11:11][org.springframework.beans.factory.support.AbstractAutowireCapableBeanFactory] - Creating instance of bean 'org.springframework.context.annotation.internalAutowiredAnnotationProcessor'
[INFO][main][2020-02-06 23:11:11][org.springframework.beans.factory.annotation.AutowiredAnnotationBeanPostProcessor] - JSR-330 'javax.inject.Inject' annotation found and supported for autowiring
[DEBUG][main][2020-02-06 23:11:11][org.springframework.beans.factory.support.AbstractAutowireCapableBeanFactory] - Eagerly caching bean 'org.springframework.context.annotation.internalAutowiredAnnotationProcessor' to allow for resolving potential circular references
[DEBUG][main][2020-02-06 23:11:11][org.springframework.beans.factory.support.AbstractAutowireCapableBeanFactory] - Finished creating instance of bean 'org.springframework.context.annotation.internalAutowiredAnnotationProcessor'
[DEBUG][main][2020-02-06 23:11:11][org.springframework.beans.factory.support.DefaultSingletonBeanRegistry] - Creating shared instance of singleton bean 'org.springframework.context.annotation.internalRequiredAnnotationProcessor'
[DEBUG][main][2020-02-06 23:11:11][org.springframework.beans.factory.support.AbstractAutowireCapableBeanFactory] - Creating instance of bean 'org.springframework.context.annotation.internalRequiredAnnotationProcessor'
[DEBUG][main][2020-02-06 23:11:11][org.springframework.beans.factory.support.AbstractAutowireCapableBeanFactory] - Eagerly caching bean 'org.springframework.context.annotation.internalRequiredAnnotationProcessor' to allow for resolving potential circular references
[DEBUG][main][2020-02-06 23:11:11][org.springframework.beans.factory.support.AbstractAutowireCapableBeanFactory] - Finished creating instance of bean 'org.springframework.context.annotation.internalRequiredAnnotationProcessor'
[DEBUG][main][2020-02-06 23:11:11][org.springframework.beans.factory.support.DefaultSingletonBeanRegistry] - Creating shared instance of singleton bean 'org.springframework.context.annotation.internalCommonAnnotationProcessor'
[DEBUG][main][2020-02-06 23:11:11][org.springframework.beans.factory.support.AbstractAutowireCapableBeanFactory] - Creating instance of bean 'org.springframework.context.annotation.internalCommonAnnotationProcessor'
[DEBUG][main][2020-02-06 23:11:11][org.springframework.beans.factory.support.AbstractAutowireCapableBeanFactory] - Eagerly caching bean 'org.springframework.context.annotation.internalCommonAnnotationProcessor' to allow for resolving potential circular references
[DEBUG][main][2020-02-06 23:11:11][org.springframework.beans.factory.support.AbstractAutowireCapableBeanFactory] - Finished creating instance of bean 'org.springframework.context.annotation.internalCommonAnnotationProcessor'
[DEBUG][main][2020-02-06 23:11:11][org.springframework.beans.factory.support.DefaultSingletonBeanRegistry] - Creating shared instance of singleton bean 'org.springframework.context.annotation.ConfigurationClassPostProcessor.importAwareProcessor'
[DEBUG][main][2020-02-06 23:11:11][org.springframework.beans.factory.support.AbstractAutowireCapableBeanFactory] - Creating instance of bean 'org.springframework.context.annotation.ConfigurationClassPostProcessor.importAwareProcessor'
[DEBUG][main][2020-02-06 23:11:11][org.springframework.beans.factory.support.AbstractAutowireCapableBeanFactory] - Eagerly caching bean 'org.springframework.context.annotation.ConfigurationClassPostProcessor.importAwareProcessor' to allow for resolving potential circular references
[DEBUG][main][2020-02-06 23:11:11][org.springframework.beans.factory.support.AbstractAutowireCapableBeanFactory] - Finished creating instance of bean 'org.springframework.context.annotation.ConfigurationClassPostProcessor.importAwareProcessor'
[DEBUG][main][2020-02-06 23:11:11][org.springframework.beans.factory.support.DefaultSingletonBeanRegistry] - Creating shared instance of singleton bean 'org.springframework.context.annotation.ConfigurationClassPostProcessor.enhancedConfigurationProcessor'
[DEBUG][main][2020-02-06 23:11:11][org.springframework.beans.factory.support.AbstractAutowireCapableBeanFactory] - Creating instance of bean 'org.springframework.context.annotation.ConfigurationClassPostProcessor.enhancedConfigurationProcessor'
[DEBUG][main][2020-02-06 23:11:11][org.springframework.beans.factory.support.AbstractAutowireCapableBeanFactory] - Eagerly caching bean 'org.springframework.context.annotation.ConfigurationClassPostProcessor.enhancedConfigurationProcessor' to allow for resolving potential circular references
[DEBUG][main][2020-02-06 23:11:11][org.springframework.beans.factory.support.AbstractAutowireCapableBeanFactory] - Finished creating instance of bean 'org.springframework.context.annotation.ConfigurationClassPostProcessor.enhancedConfigurationProcessor'
[DEBUG][main][2020-02-06 23:11:11][org.springframework.beans.factory.support.DefaultSingletonBeanRegistry] - Creating shared instance of singleton bean 'org.springframework.aop.config.internalAutoProxyCreator'
[DEBUG][main][2020-02-06 23:11:11][org.springframework.beans.factory.support.AbstractAutowireCapableBeanFactory] - Creating instance of bean 'org.springframework.aop.config.internalAutoProxyCreator'
[DEBUG][main][2020-02-06 23:11:11][org.springframework.beans.factory.support.AbstractAutowireCapableBeanFactory] - Eagerly caching bean 'org.springframework.aop.config.internalAutoProxyCreator' to allow for resolving potential circular references
[DEBUG][main][2020-02-06 23:11:11][org.springframework.beans.factory.support.AbstractAutowireCapableBeanFactory] - Finished creating instance of bean 'org.springframework.aop.config.internalAutoProxyCreator'
[DEBUG][main][2020-02-06 23:11:11][org.springframework.context.support.AbstractApplicationContext] - Unable to locate MessageSource with name 'messageSource': using default [org.springframework.context.support.DelegatingMessageSource@51e8e6e6]
[DEBUG][main][2020-02-06 23:11:11][org.springframework.context.support.AbstractApplicationContext] - Unable to locate ApplicationEventMulticaster with name 'applicationEventMulticaster': using default [org.springframework.context.event.SimpleApplicationEventMulticaster@47dbb1e2]
[DEBUG][main][2020-02-06 23:11:11][org.springframework.beans.factory.support.DefaultListableBeanFactory] - Pre-instantiating singletons in org.springframework.beans.factory.support.DefaultListableBeanFactory@4331d187: defining beans [org.springframework.context.annotation.internalConfigurationAnnotationProcessor,org.springframework.context.annotation.internalAutowiredAnnotationProcessor,org.springframework.context.annotation.internalRequiredAnnotationProcessor,org.springframework.context.annotation.internalCommonAnnotationProcessor,org.springframework.context.event.internalEventListenerProcessor,org.springframework.context.event.internalEventListenerFactory,configProperties,propertyConfigurer,dataSource,sqlSessionFactory,org.mybatis.spring.mapper.MapperScannerConfigurer#0,transactionManager,org.springframework.transaction.config.internalTransactionalEventListenerFactory,org.springframework.aop.config.internalAutoProxyCreator,org.springframework.transaction.annotation.AnnotationTransactionAttributeSource#0,org.springframework.transaction.interceptor.TransactionInterceptor#0,org.springframework.transaction.config.internalTransactionAdvisor,org.springframework.web.servlet.resource.DefaultServletHttpRequestHandler#0,org.springframework.web.servlet.handler.SimpleUrlHandlerMapping#0,mvcCorsConfigurations,org.springframework.web.servlet.handler.BeanNameUrlHandlerMapping,org.springframework.web.servlet.mvc.HttpRequestHandlerAdapter,org.springframework.web.servlet.mvc.SimpleControllerHandlerAdapter,mappingJacksonHttpMessageConverter,mvcContentNegotiationManager,org.springframework.web.servlet.mvc.method.annotation.RequestMappingHandlerMapping,org.springframework.format.support.FormattingConversionServiceFactoryBean#0,org.springframework.validation.beanvalidation.OptionalValidatorFactoryBean#0,org.springframework.web.servlet.mvc.method.annotation.RequestMappingHandlerAdapter,mvcUriComponentsContributor,org.springframework.web.servlet.handler.MappedInterceptor#0,org.springframework.web.servlet.mvc.method.annotation.ExceptionHandlerExceptionResolver#0,org.springframework.web.servlet.mvc.annotation.ResponseStatusExceptionResolver#0,org.springframework.web.servlet.mvc.support.DefaultHandlerExceptionResolver#0,org.springframework.web.servlet.view.InternalResourceViewResolver#0,multipartResolver,mvcResourceUrlProvider,org.springframework.web.servlet.handler.MappedInterceptor#1,org.springframework.web.servlet.resource.ResourceHttpRequestHandler#0,mvcPathMatcher,mvcUrlPathHelper,org.springframework.web.servlet.handler.SimpleUrlHandlerMapping#1,org.springframework.web.servlet.resource.ResourceHttpRequestHandler#1,org.springframework.web.servlet.handler.SimpleUrlHandlerMapping#2,org.springframework.web.servlet.resource.ResourceHttpRequestHandler#2,org.springframework.web.servlet.handler.SimpleUrlHandlerMapping#3,org.springframework.context.annotation.ConfigurationClassPostProcessor.importAwareProcessor,org.springframework.context.annotation.ConfigurationClassPostProcessor.enhancedConfigurationProcessor,commentMapper,loginLogMapper,roleMapper,roleUserMapper,upvoteMapper,userContentMapper,userInfoMapper,userMapper]; root of factory hierarchy
[DEBUG][main][2020-02-06 23:11:11][org.springframework.beans.factory.support.AbstractBeanFactory] - Returning cached instance of singleton bean 'org.springframework.context.annotation.internalConfigurationAnnotationProcessor'
[DEBUG][main][2020-02-06 23:11:11][org.springframework.beans.factory.support.AbstractBeanFactory] - Returning cached instance of singleton bean 'org.springframework.context.annotation.internalAutowiredAnnotationProcessor'
[DEBUG][main][2020-02-06 23:11:11][org.springframework.beans.factory.support.AbstractBeanFactory] - Returning cached instance of singleton bean 'org.springframework.context.annotation.internalRequiredAnnotationProcessor'
[DEBUG][main][2020-02-06 23:11:11][org.springframework.beans.factory.support.AbstractBeanFactory] - Returning cached instance of singleton bean 'org.springframework.context.annotation.internalCommonAnnotationProcessor'
[DEBUG][main][2020-02-06 23:11:11][org.springframework.beans.factory.support.DefaultSingletonBeanRegistry] - Creating shared instance of singleton bean 'org.springframework.context.event.internalEventListenerProcessor'
[DEBUG][main][2020-02-06 23:11:11][org.springframework.beans.factory.support.AbstractAutowireCapableBeanFactory] - Creating instance of bean 'org.springframework.context.event.internalEventListenerProcessor'
[DEBUG][main][2020-02-06 23:11:11][org.springframework.beans.factory.support.AbstractAutowireCapableBeanFactory] - Eagerly caching bean 'org.springframework.context.event.internalEventListenerProcessor' to allow for resolving potential circular references
[DEBUG][main][2020-02-06 23:11:11][org.springframework.beans.factory.support.DefaultSingletonBeanRegistry] - Creating shared instance of singleton bean 'org.springframework.transaction.config.internalTransactionAdvisor'
[DEBUG][main][2020-02-06 23:11:11][org.springframework.beans.factory.support.AbstractAutowireCapableBeanFactory] - Creating instance of bean 'org.springframework.transaction.config.internalTransactionAdvisor'
[DEBUG][main][2020-02-06 23:11:11][org.springframework.beans.factory.support.AbstractAutowireCapableBeanFactory] - Eagerly caching bean 'org.springframework.transaction.config.internalTransactionAdvisor' to allow for resolving potential circular references
[DEBUG][main][2020-02-06 23:11:11][org.springframework.beans.factory.support.DefaultSingletonBeanRegistry] - Creating shared instance of singleton bean 'org.springframework.transaction.annotation.AnnotationTransactionAttributeSource#0'
[DEBUG][main][2020-02-06 23:11:11][org.springframework.beans.factory.support.AbstractAutowireCapableBeanFactory] - Creating instance of bean 'org.springframework.transaction.annotation.AnnotationTransactionAttributeSource#0'
[DEBUG][main][2020-02-06 23:11:11][org.springframework.beans.factory.support.AbstractAutowireCapableBeanFactory] - Eagerly caching bean 'org.springframework.transaction.annotation.AnnotationTransactionAttributeSource#0' to allow for resolving potential circular references
[DEBUG][main][2020-02-06 23:11:11][org.springframework.aop.framework.autoproxy.BeanFactoryAdvisorRetrievalHelper] - Skipping currently created advisor 'org.springframework.transaction.config.internalTransactionAdvisor'
[DEBUG][main][2020-02-06 23:11:11][org.springframework.beans.factory.support.AbstractAutowireCapableBeanFactory] - Finished creating instance of bean 'org.springframework.transaction.annotation.AnnotationTransactionAttributeSource#0'
[DEBUG][main][2020-02-06 23:11:11][org.springframework.beans.factory.support.AbstractAutowireCapableBeanFactory] - Finished creating instance of bean 'org.springframework.transaction.config.internalTransactionAdvisor'
[DEBUG][main][2020-02-06 23:11:11][org.springframework.beans.factory.support.AbstractAutowireCapableBeanFactory] - Finished creating instance of bean 'org.springframework.context.event.internalEventListenerProcessor'
[DEBUG][main][2020-02-06 23:11:11][org.springframework.beans.factory.support.DefaultSingletonBeanRegistry] - Creating shared instance of singleton bean 'org.springframework.context.event.internalEventListenerFactory'
[DEBUG][main][2020-02-06 23:11:11][org.springframework.beans.factory.support.AbstractAutowireCapableBeanFactory] - Creating instance of bean 'org.springframework.context.event.internalEventListenerFactory'
[DEBUG][main][2020-02-06 23:11:11][org.springframework.beans.factory.support.AbstractAutowireCapableBeanFactory] - Eagerly caching bean 'org.springframework.context.event.internalEventListenerFactory' to allow for resolving potential circular references
[DEBUG][main][2020-02-06 23:11:11][org.springframework.beans.factory.support.AbstractBeanFactory] - Returning cached instance of singleton bean 'org.springframework.transaction.config.internalTransactionAdvisor'
[DEBUG][main][2020-02-06 23:11:11][org.springframework.beans.factory.support.AbstractAutowireCapableBeanFactory] - Finished creating instance of bean 'org.springframework.context.event.internalEventListenerFactory'
[DEBUG][main][2020-02-06 23:11:11][org.springframework.beans.factory.support.AbstractBeanFactory] - Returning cached instance of singleton bean 'configProperties'
[DEBUG][main][2020-02-06 23:11:11][org.springframework.beans.factory.support.AbstractBeanFactory] - Returning cached instance of singleton bean 'propertyConfigurer'
[DEBUG][main][2020-02-06 23:11:11][org.springframework.beans.factory.support.DefaultSingletonBeanRegistry] - Creating shared instance of singleton bean 'dataSource'
[DEBUG][main][2020-02-06 23:11:11][org.springframework.beans.factory.support.AbstractAutowireCapableBeanFactory] - Creating instance of bean 'dataSource'
[DEBUG][main][2020-02-06 23:11:11][org.springframework.beans.factory.support.AbstractAutowireCapableBeanFactory] - Eagerly caching bean 'dataSource' to allow for resolving potential circular references
[DEBUG][main][2020-02-06 23:11:11][org.springframework.beans.factory.support.AbstractBeanFactory] - Returning cached instance of singleton bean 'org.springframework.transaction.config.internalTransactionAdvisor'
[DEBUG][main][2020-02-06 23:11:11][org.springframework.beans.factory.support.AbstractAutowireCapableBeanFactory] - Finished creating instance of bean 'dataSource'
[DEBUG][main][2020-02-06 23:11:11][org.springframework.beans.factory.support.DefaultSingletonBeanRegistry] - Creating shared instance of singleton bean 'sqlSessionFactory'
[DEBUG][main][2020-02-06 23:11:11][org.springframework.beans.factory.support.AbstractAutowireCapableBeanFactory] - Creating instance of bean 'sqlSessionFactory'
[DEBUG][main][2020-02-06 23:11:11][org.apache.ibatis.logging.LogFactory] - Logging initialized using 'class org.apache.ibatis.logging.slf4j.Slf4jImpl' adapter.
[DEBUG][main][2020-02-06 23:11:11][org.springframework.beans.factory.support.AbstractAutowireCapableBeanFactory] - Eagerly caching bean 'sqlSessionFactory' to allow for resolving potential circular references
[DEBUG][main][2020-02-06 23:11:11][org.springframework.beans.factory.support.AbstractBeanFactory] - Returning cached instance of singleton bean 'dataSource'
[DEBUG][main][2020-02-06 23:11:11][org.springframework.core.io.support.PathMatchingResourcePatternResolver] - Looking for matching resources in directory tree [D:\Dev\Project\java\dreamland\dreamland-web\target\classes\mapping]
[DEBUG][main][2020-02-06 23:11:11][org.springframework.core.io.support.PathMatchingResourcePatternResolver] - Searching directory [D:\Dev\Project\java\dreamland\dreamland-web\target\classes\mapping] for files matching pattern [D:/Dev/Project/java/dreamland/dreamland-web/target/classes/mapping/*.xml]
[DEBUG][main][2020-02-06 23:11:11][org.springframework.core.io.support.PathMatchingResourcePatternResolver] - Resolved location pattern [classpath:mapping/*.xml] to resources [file [D:\Dev\Project\java\dreamland\dreamland-web\target\classes\mapping\user.xml]]
[DEBUG][main][2020-02-06 23:11:11][org.springframework.beans.factory.support.AbstractAutowireCapableBeanFactory] - Invoking afterPropertiesSet() on bean with name 'sqlSessionFactory'
[DEBUG][main][2020-02-06 23:11:11][org.apache.ibatis.io.VFS] - Class not found: org.jboss.vfs.VFS
[DEBUG][main][2020-02-06 23:11:11][org.apache.ibatis.io.JBoss6VFS] - JBoss 6 VFS API is not available in this environment.
[DEBUG][main][2020-02-06 23:11:11][org.apache.ibatis.io.VFS] - Class not found: org.jboss.vfs.VirtualFile
[DEBUG][main][2020-02-06 23:11:11][org.apache.ibatis.io.VFS] - VFS implementation org.apache.ibatis.io.JBoss6VFS is not valid in this environment.
[DEBUG][main][2020-02-06 23:11:11][org.apache.ibatis.io.VFS] - Using VFS adapter org.apache.ibatis.io.DefaultVFS
[DEBUG][main][2020-02-06 23:11:11][org.apache.ibatis.io.DefaultVFS] - Find JAR URL: file:/D:/Dev/Project/java/dreamland/dreamland-web/target/classes/archer/dreamland/www/entity
[DEBUG][main][2020-02-06 23:11:11][org.apache.ibatis.io.DefaultVFS] - Not a JAR: file:/D:/Dev/Project/java/dreamland/dreamland-web/target/classes/archer/dreamland/www/entity
[DEBUG][main][2020-02-06 23:11:11][org.apache.ibatis.io.DefaultVFS] - Reader entry: Comment.class
[DEBUG][main][2020-02-06 23:11:11][org.apache.ibatis.io.DefaultVFS] - Reader entry: LoginLog.class
[DEBUG][main][2020-02-06 23:11:11][org.apache.ibatis.io.DefaultVFS] - Reader entry: Resource.class
[DEBUG][main][2020-02-06 23:11:11][org.apache.ibatis.io.DefaultVFS] - Reader entry: Role.class
[DEBUG][main][2020-02-06 23:11:11][org.apache.ibatis.io.DefaultVFS] - Reader entry: RoleResource.class
[DEBUG][main][2020-02-06 23:11:11][org.apache.ibatis.io.DefaultVFS] - Reader entry: RoleUser.class
[DEBUG][main][2020-02-06 23:11:11][org.apache.ibatis.io.DefaultVFS] - Reader entry: Upvote.class
[DEBUG][main][2020-02-06 23:11:11][org.apache.ibatis.io.DefaultVFS] - Reader entry: User.class
[DEBUG][main][2020-02-06 23:11:11][org.apache.ibatis.io.DefaultVFS] - Reader entry: UserContent.class
[DEBUG][main][2020-02-06 23:11:11][org.apache.ibatis.io.DefaultVFS] - Reader entry: UserInfo.class
[DEBUG][main][2020-02-06 23:11:11][org.apache.ibatis.io.DefaultVFS] - Listing file:/D:/Dev/Project/java/dreamland/dreamland-web/target/classes/archer/dreamland/www/entity
[DEBUG][main][2020-02-06 23:11:11][org.apache.ibatis.io.DefaultVFS] - Find JAR URL: file:/D:/Dev/Project/java/dreamland/dreamland-web/target/classes/archer/dreamland/www/entity/Comment.class
[DEBUG][main][2020-02-06 23:11:11][org.apache.ibatis.io.DefaultVFS] - Not a JAR: file:/D:/Dev/Project/java/dreamland/dreamland-web/target/classes/archer/dreamland/www/entity/Comment.class
[DEBUG][main][2020-02-06 23:11:11][org.apache.ibatis.io.DefaultVFS] - Reader entry: 漱壕&amp#0;&amp#0;&amp#0;3&amp#0;J
[DEBUG][main][2020-02-06 23:11:11][org.apache.ibatis.io.DefaultVFS] - Find JAR URL: file:/D:/Dev/Project/java/dreamland/dreamland-web/target/classes/archer/dreamland/www/entity/LoginLog.class
[DEBUG][main][2020-02-06 23:11:11][org.apache.ibatis.io.DefaultVFS] - Not a JAR: file:/D:/Dev/Project/java/dreamland/dreamland-web/target/classes/archer/dreamland/www/entity/LoginLog.class
[DEBUG][main][2020-02-06 23:11:11][org.apache.ibatis.io.DefaultVFS] - Reader entry: 漱壕&amp#0;&amp#0;&amp#0;3&amp#0;3
[DEBUG][main][2020-02-06 23:11:11][org.apache.ibatis.io.DefaultVFS] - Find JAR URL: file:/D:/Dev/Project/java/dreamland/dreamland-web/target/classes/archer/dreamland/www/entity/Resource.class
[DEBUG][main][2020-02-06 23:11:11][org.apache.ibatis.io.DefaultVFS] - Not a JAR: file:/D:/Dev/Project/java/dreamland/dreamland-web/target/classes/archer/dreamland/www/entity/Resource.class
[DEBUG][main][2020-02-06 23:11:11][org.apache.ibatis.io.DefaultVFS] - Reader entry: 漱壕&amp#0;&amp#0;&amp#0;3&amp#0;5
[DEBUG][main][2020-02-06 23:11:11][org.apache.ibatis.io.DefaultVFS] - Find JAR URL: file:/D:/Dev/Project/java/dreamland/dreamland-web/target/classes/archer/dreamland/www/entity/Role.class
[DEBUG][main][2020-02-06 23:11:11][org.apache.ibatis.io.DefaultVFS] - Not a JAR: file:/D:/Dev/Project/java/dreamland/dreamland-web/target/classes/archer/dreamland/www/entity/Role.class
[DEBUG][main][2020-02-06 23:11:11][org.apache.ibatis.io.DefaultVFS] - Reader entry: 漱壕&amp#0;&amp#0;&amp#0;3&amp#0;:
[DEBUG][main][2020-02-06 23:11:11][org.apache.ibatis.io.DefaultVFS] - Find JAR URL: file:/D:/Dev/Project/java/dreamland/dreamland-web/target/classes/archer/dreamland/www/entity/RoleResource.class
[DEBUG][main][2020-02-06 23:11:11][org.apache.ibatis.io.DefaultVFS] - Not a JAR: file:/D:/Dev/Project/java/dreamland/dreamland-web/target/classes/archer/dreamland/www/entity/RoleResource.class
[DEBUG][main][2020-02-06 23:11:11][org.apache.ibatis.io.DefaultVFS] - Reader entry: 漱壕&amp#0;&amp#0;&amp#0;3&amp#0;"
[DEBUG][main][2020-02-06 23:11:11][org.apache.ibatis.io.DefaultVFS] - Find JAR URL: file:/D:/Dev/Project/java/dreamland/dreamland-web/target/classes/archer/dreamland/www/entity/RoleUser.class
[DEBUG][main][2020-02-06 23:11:11][org.apache.ibatis.io.DefaultVFS] - Not a JAR: file:/D:/Dev/Project/java/dreamland/dreamland-web/target/classes/archer/dreamland/www/entity/RoleUser.class
[DEBUG][main][2020-02-06 23:11:11][org.apache.ibatis.io.DefaultVFS] - Reader entry: 漱壕&amp#0;&amp#0;&amp#0;3&amp#0;"
[DEBUG][main][2020-02-06 23:11:11][org.apache.ibatis.io.DefaultVFS] - Find JAR URL: file:/D:/Dev/Project/java/dreamland/dreamland-web/target/classes/archer/dreamland/www/entity/Upvote.class
[DEBUG][main][2020-02-06 23:11:11][org.apache.ibatis.io.DefaultVFS] - Not a JAR: file:/D:/Dev/Project/java/dreamland/dreamland-web/target/classes/archer/dreamland/www/entity/Upvote.class
[DEBUG][main][2020-02-06 23:11:11][org.apache.ibatis.io.DefaultVFS] - Reader entry: 漱壕&amp#0;&amp#0;&amp#0;3&amp#0;B
[DEBUG][main][2020-02-06 23:11:11][org.apache.ibatis.io.DefaultVFS] - Find JAR URL: file:/D:/Dev/Project/java/dreamland/dreamland-web/target/classes/archer/dreamland/www/entity/User.class
[DEBUG][main][2020-02-06 23:11:11][org.apache.ibatis.io.DefaultVFS] - Not a JAR: file:/D:/Dev/Project/java/dreamland/dreamland-web/target/classes/archer/dreamland/www/entity/User.class
[DEBUG][main][2020-02-06 23:11:11][org.apache.ibatis.io.DefaultVFS] - Reader entry: 漱壕&amp#0;&amp#0;&amp#0;3&amp#0;D
[DEBUG][main][2020-02-06 23:11:11][org.apache.ibatis.io.DefaultVFS] - Find JAR URL: file:/D:/Dev/Project/java/dreamland/dreamland-web/target/classes/archer/dreamland/www/entity/UserContent.class
[DEBUG][main][2020-02-06 23:11:11][org.apache.ibatis.io.DefaultVFS] - Not a JAR: file:/D:/Dev/Project/java/dreamland/dreamland-web/target/classes/archer/dreamland/www/entity/UserContent.class
[DEBUG][main][2020-02-06 23:11:11][org.apache.ibatis.io.DefaultVFS] - Reader entry: 漱壕&amp#0;&amp#0;&amp#0;3&amp#0;^
[DEBUG][main][2020-02-06 23:11:11][org.apache.ibatis.io.DefaultVFS] - Find JAR URL: file:/D:/Dev/Project/java/dreamland/dreamland-web/target/classes/archer/dreamland/www/entity/UserInfo.class
[DEBUG][main][2020-02-06 23:11:11][org.apache.ibatis.io.DefaultVFS] - Not a JAR: file:/D:/Dev/Project/java/dreamland/dreamland-web/target/classes/archer/dreamland/www/entity/UserInfo.class
[DEBUG][main][2020-02-06 23:11:11][org.apache.ibatis.io.DefaultVFS] - Reader entry: 漱壕&amp#0;&amp#0;&amp#0;3&amp#0;B
[DEBUG][main][2020-02-06 23:11:11][org.apache.ibatis.io.ResolverUtil] - Checking to see if class archer.dreamland.www.entity.Comment matches criteria [is assignable to Object]
[DEBUG][main][2020-02-06 23:11:11][org.apache.ibatis.io.ResolverUtil] - Checking to see if class archer.dreamland.www.entity.LoginLog matches criteria [is assignable to Object]
[DEBUG][main][2020-02-06 23:11:11][org.apache.ibatis.io.ResolverUtil] - Checking to see if class archer.dreamland.www.entity.Resource matches criteria [is assignable to Object]
[DEBUG][main][2020-02-06 23:11:11][org.apache.ibatis.io.ResolverUtil] - Checking to see if class archer.dreamland.www.entity.Role matches criteria [is assignable to Object]
[DEBUG][main][2020-02-06 23:11:11][org.apache.ibatis.io.ResolverUtil] - Checking to see if class archer.dreamland.www.entity.RoleResource matches criteria [is assignable to Object]
[DEBUG][main][2020-02-06 23:11:11][org.apache.ibatis.io.ResolverUtil] - Checking to see if class archer.dreamland.www.entity.RoleUser matches criteria [is assignable to Object]
[DEBUG][main][2020-02-06 23:11:11][org.apache.ibatis.io.ResolverUtil] - Checking to see if class archer.dreamland.www.entity.Upvote matches criteria [is assignable to Object]
[DEBUG][main][2020-02-06 23:11:11][org.apache.ibatis.io.ResolverUtil] - Checking to see if class archer.dreamland.www.entity.User matches criteria [is assignable to Object]
[DEBUG][main][2020-02-06 23:11:11][org.apache.ibatis.io.ResolverUtil] - Checking to see if class archer.dreamland.www.entity.UserContent matches criteria [is assignable to Object]
[DEBUG][main][2020-02-06 23:11:11][org.apache.ibatis.io.ResolverUtil] - Checking to see if class archer.dreamland.www.entity.UserInfo matches criteria [is assignable to Object]
[DEBUG][main][2020-02-06 23:11:11][org.mybatis.spring.SqlSessionFactoryBean] - Parsed configuration file: 'class path resource [mybatis-config.xml]'
[DEBUG][main][2020-02-06 23:11:12][org.mybatis.spring.SqlSessionFactoryBean] - Parsed mapper file: 'file [D:\Dev\Project\java\dreamland\dreamland-web\target\classes\mapping\user.xml]'
[DEBUG][main][2020-02-06 23:11:12][org.springframework.beans.factory.support.AbstractBeanFactory] - Returning cached instance of singleton bean 'org.springframework.transaction.config.internalTransactionAdvisor'
[DEBUG][main][2020-02-06 23:11:12][org.springframework.beans.factory.support.AbstractAutowireCapableBeanFactory] - Finished creating instance of bean 'sqlSessionFactory'
[DEBUG][main][2020-02-06 23:11:12][org.springframework.beans.factory.support.AbstractBeanFactory] - Returning cached instance of singleton bean 'org.mybatis.spring.mapper.MapperScannerConfigurer#0'
[DEBUG][main][2020-02-06 23:11:12][org.springframework.beans.factory.support.DefaultSingletonBeanRegistry] - Creating shared instance of singleton bean 'transactionManager'
[DEBUG][main][2020-02-06 23:11:12][org.springframework.beans.factory.support.AbstractAutowireCapableBeanFactory] - Creating instance of bean 'transactionManager'
[DEBUG][main][2020-02-06 23:11:12][org.springframework.beans.factory.support.AbstractAutowireCapableBeanFactory] - Eagerly caching bean 'transactionManager' to allow for resolving potential circular references
[DEBUG][main][2020-02-06 23:11:12][org.springframework.beans.factory.support.AbstractBeanFactory] - Returning cached instance of singleton bean 'dataSource'
[DEBUG][main][2020-02-06 23:11:12][org.springframework.beans.factory.support.AbstractAutowireCapableBeanFactory] - Invoking afterPropertiesSet() on bean with name 'transactionManager'
[DEBUG][main][2020-02-06 23:11:12][org.springframework.beans.factory.support.AbstractBeanFactory] - Returning cached instance of singleton bean 'org.springframework.transaction.config.internalTransactionAdvisor'
[DEBUG][main][2020-02-06 23:11:12][org.springframework.beans.factory.support.AbstractAutowireCapableBeanFactory] - Finished creating instance of bean 'transactionManager'
[DEBUG][main][2020-02-06 23:11:12][org.springframework.beans.factory.support.DefaultSingletonBeanRegistry] - Creating shared instance of singleton bean 'org.springframework.transaction.config.internalTransactionalEventListenerFactory'
[DEBUG][main][2020-02-06 23:11:12][org.springframework.beans.factory.support.AbstractAutowireCapableBeanFactory] - Creating instance of bean 'org.springframework.transaction.config.internalTransactionalEventListenerFactory'
[DEBUG][main][2020-02-06 23:11:12][org.springframework.beans.factory.support.AbstractAutowireCapableBeanFactory] - Eagerly caching bean 'org.springframework.transaction.config.internalTransactionalEventListenerFactory' to allow for resolving potential circular references
[DEBUG][main][2020-02-06 23:11:12][org.springframework.beans.factory.support.AbstractBeanFactory] - Returning cached instance of singleton bean 'org.springframework.transaction.config.internalTransactionAdvisor'
[DEBUG][main][2020-02-06 23:11:12][org.springframework.beans.factory.support.AbstractAutowireCapableBeanFactory] - Finished creating instance of bean 'org.springframework.transaction.config.internalTransactionalEventListenerFactory'
[DEBUG][main][2020-02-06 23:11:12][org.springframework.beans.factory.support.AbstractBeanFactory] - Returning cached instance of singleton bean 'org.springframework.aop.config.internalAutoProxyCreator'
[DEBUG][main][2020-02-06 23:11:12][org.springframework.beans.factory.support.AbstractBeanFactory] - Returning cached instance of singleton bean 'org.springframework.transaction.annotation.AnnotationTransactionAttributeSource#0'
[DEBUG][main][2020-02-06 23:11:12][org.springframework.beans.factory.support.DefaultSingletonBeanRegistry] - Creating shared instance of singleton bean 'org.springframework.transaction.interceptor.TransactionInterceptor#0'
[DEBUG][main][2020-02-06 23:11:12][org.springframework.beans.factory.support.AbstractAutowireCapableBeanFactory] - Creating instance of bean 'org.springframework.transaction.interceptor.TransactionInterceptor#0'
[DEBUG][main][2020-02-06 23:11:12][org.springframework.beans.factory.support.AbstractAutowireCapableBeanFactory] - Eagerly caching bean 'org.springframework.transaction.interceptor.TransactionInterceptor#0' to allow for resolving potential circular references
[DEBUG][main][2020-02-06 23:11:12][org.springframework.beans.factory.support.AbstractBeanFactory] - Returning cached instance of singleton bean 'org.springframework.transaction.annotation.AnnotationTransactionAttributeSource#0'
[DEBUG][main][2020-02-06 23:11:12][org.springframework.beans.factory.support.AbstractAutowireCapableBeanFactory] - Invoking afterPropertiesSet() on bean with name 'org.springframework.transaction.interceptor.TransactionInterceptor#0'
[DEBUG][main][2020-02-06 23:11:12][org.springframework.beans.factory.support.AbstractAutowireCapableBeanFactory] - Finished creating instance of bean 'org.springframework.transaction.interceptor.TransactionInterceptor#0'
[DEBUG][main][2020-02-06 23:11:12][org.springframework.beans.factory.support.AbstractBeanFactory] - Returning cached instance of singleton bean 'org.springframework.transaction.config.internalTransactionAdvisor'
[DEBUG][main][2020-02-06 23:11:12][org.springframework.beans.factory.support.DefaultSingletonBeanRegistry] - Creating shared instance of singleton bean 'org.springframework.web.servlet.resource.DefaultServletHttpRequestHandler#0'
[DEBUG][main][2020-02-06 23:11:12][org.springframework.beans.factory.support.AbstractAutowireCapableBeanFactory] - Creating instance of bean 'org.springframework.web.servlet.resource.DefaultServletHttpRequestHandler#0'
[DEBUG][main][2020-02-06 23:11:12][org.springframework.beans.factory.support.AbstractAutowireCapableBeanFactory] - Eagerly caching bean 'org.springframework.web.servlet.resource.DefaultServletHttpRequestHandler#0' to allow for resolving potential circular references
[DEBUG][main][2020-02-06 23:11:12][org.springframework.beans.factory.support.AbstractBeanFactory] - Returning cached instance of singleton bean 'org.springframework.transaction.config.internalTransactionAdvisor'
[DEBUG][main][2020-02-06 23:11:12][org.springframework.beans.factory.support.AbstractAutowireCapableBeanFactory] - Finished creating instance of bean 'org.springframework.web.servlet.resource.DefaultServletHttpRequestHandler#0'
[DEBUG][main][2020-02-06 23:11:12][org.springframework.beans.factory.support.DefaultSingletonBeanRegistry] - Creating shared instance of singleton bean 'org.springframework.web.servlet.handler.SimpleUrlHandlerMapping#0'
[DEBUG][main][2020-02-06 23:11:12][org.springframework.beans.factory.support.AbstractAutowireCapableBeanFactory] - Creating instance of bean 'org.springframework.web.servlet.handler.SimpleUrlHandlerMapping#0'
[DEBUG][main][2020-02-06 23:11:12][org.springframework.beans.factory.support.AbstractAutowireCapableBeanFactory] - Eagerly caching bean 'org.springframework.web.servlet.handler.SimpleUrlHandlerMapping#0' to allow for resolving potential circular references
[DEBUG][main][2020-02-06 23:11:12][org.springframework.beans.factory.support.DefaultSingletonBeanRegistry] - Creating shared instance of singleton bean 'org.springframework.web.servlet.handler.MappedInterceptor#0'
[DEBUG][main][2020-02-06 23:11:12][org.springframework.beans.factory.support.AbstractAutowireCapableBeanFactory] - Creating instance of bean 'org.springframework.web.servlet.handler.MappedInterceptor#0'
[DEBUG][main][2020-02-06 23:11:12][org.springframework.beans.factory.support.AbstractAutowireCapableBeanFactory] - Creating instance of bean '(inner bean)#2e6ee0bc'
[DEBUG][main][2020-02-06 23:11:12][org.springframework.beans.factory.support.DefaultSingletonBeanRegistry] - Creating shared instance of singleton bean 'org.springframework.format.support.FormattingConversionServiceFactoryBean#0'
[DEBUG][main][2020-02-06 23:11:12][org.springframework.beans.factory.support.AbstractAutowireCapableBeanFactory] - Creating instance of bean 'org.springframework.format.support.FormattingConversionServiceFactoryBean#0'
[DEBUG][main][2020-02-06 23:11:12][org.springframework.beans.factory.support.AbstractAutowireCapableBeanFactory] - Eagerly caching bean 'org.springframework.format.support.FormattingConversionServiceFactoryBean#0' to allow for resolving potential circular references
[DEBUG][main][2020-02-06 23:11:12][org.springframework.beans.factory.support.AbstractAutowireCapableBeanFactory] - Invoking afterPropertiesSet() on bean with name 'org.springframework.format.support.FormattingConversionServiceFactoryBean#0'
[DEBUG][main][2020-02-06 23:11:12][org.springframework.beans.factory.support.AbstractBeanFactory] - Returning cached instance of singleton bean 'org.springframework.transaction.config.internalTransactionAdvisor'
[DEBUG][main][2020-02-06 23:11:12][org.springframework.beans.factory.support.AbstractAutowireCapableBeanFactory] - Finished creating instance of bean 'org.springframework.format.support.FormattingConversionServiceFactoryBean#0'
[DEBUG][main][2020-02-06 23:11:12][org.springframework.beans.factory.support.AbstractBeanFactory] - Returning cached instance of singleton bean 'org.springframework.transaction.config.internalTransactionAdvisor'
[DEBUG][main][2020-02-06 23:11:12][org.springframework.beans.factory.support.AbstractBeanFactory] - Returning cached instance of singleton bean 'org.springframework.transaction.config.internalTransactionAdvisor'
[DEBUG][main][2020-02-06 23:11:12][org.springframework.beans.factory.support.AbstractAutowireCapableBeanFactory] - Finished creating instance of bean '(inner bean)#2e6ee0bc'
[DEBUG][main][2020-02-06 23:11:12][org.springframework.beans.BeanUtils] - No property editor [org.springframework.web.context.request.WebRequestInterceptorEditor] found for type org.springframework.web.context.request.WebRequestInterceptor according to 'Editor' suffix convention
[DEBUG][main][2020-02-06 23:11:12][org.springframework.beans.factory.support.AbstractAutowireCapableBeanFactory] - Eagerly caching bean 'org.springframework.web.servlet.handler.MappedInterceptor#0' to allow for resolving potential circular references
[DEBUG][main][2020-02-06 23:11:12][org.springframework.beans.factory.support.AbstractBeanFactory] - Returning cached instance of singleton bean 'org.springframework.transaction.config.internalTransactionAdvisor'
[DEBUG][main][2020-02-06 23:11:12][org.springframework.beans.factory.support.AbstractAutowireCapableBeanFactory] - Finished creating instance of bean 'org.springframework.web.servlet.handler.MappedInterceptor#0'
[DEBUG][main][2020-02-06 23:11:12][org.springframework.beans.factory.support.DefaultSingletonBeanRegistry] - Creating shared instance of singleton bean 'org.springframework.web.servlet.handler.MappedInterceptor#1'
[DEBUG][main][2020-02-06 23:11:12][org.springframework.beans.factory.support.AbstractAutowireCapableBeanFactory] - Creating instance of bean 'org.springframework.web.servlet.handler.MappedInterceptor#1'
[DEBUG][main][2020-02-06 23:11:12][org.springframework.beans.factory.support.AbstractAutowireCapableBeanFactory] - Creating instance of bean '(inner bean)#79c5636f'
[DEBUG][main][2020-02-06 23:11:12][org.springframework.beans.factory.support.AbstractAutowireCapableBeanFactory] - Creating instance of bean '(inner bean)#718607eb'
[DEBUG][main][2020-02-06 23:11:12][org.springframework.beans.factory.support.AbstractBeanFactory] - Returning cached instance of singleton bean 'org.springframework.transaction.config.internalTransactionAdvisor'
[DEBUG][main][2020-02-06 23:11:12][org.springframework.beans.factory.support.AbstractAutowireCapableBeanFactory] - Finished creating instance of bean '(inner bean)#718607eb'
[DEBUG][main][2020-02-06 23:11:12][org.springframework.beans.factory.support.AbstractBeanFactory] - Returning cached instance of singleton bean 'org.springframework.transaction.config.internalTransactionAdvisor'
[DEBUG][main][2020-02-06 23:11:12][org.springframework.beans.factory.support.AbstractAutowireCapableBeanFactory] - Finished creating instance of bean '(inner bean)#79c5636f'
[DEBUG][main][2020-02-06 23:11:12][org.springframework.beans.factory.support.AbstractAutowireCapableBeanFactory] - Eagerly caching bean 'org.springframework.web.servlet.handler.MappedInterceptor#1' to allow for resolving potential circular references
[DEBUG][main][2020-02-06 23:11:12][org.springframework.beans.factory.support.AbstractBeanFactory] - Returning cached instance of singleton bean 'org.springframework.transaction.config.internalTransactionAdvisor'
[DEBUG][main][2020-02-06 23:11:12][org.springframework.beans.factory.support.AbstractAutowireCapableBeanFactory] - Finished creating instance of bean 'org.springframework.web.servlet.handler.MappedInterceptor#1'
[DEBUG][main][2020-02-06 23:11:12][org.springframework.beans.factory.support.AbstractBeanFactory] - Returning cached instance of singleton bean 'org.springframework.web.servlet.resource.DefaultServletHttpRequestHandler#0'
[INFO][main][2020-02-06 23:11:12][org.springframework.web.servlet.handler.AbstractUrlHandlerMapping] - Mapped URL path [/**] onto handler 'org.springframework.web.servlet.resource.DefaultServletHttpRequestHandler#0'
[DEBUG][main][2020-02-06 23:11:12][org.springframework.beans.factory.support.AbstractBeanFactory] - Returning cached instance of singleton bean 'org.springframework.transaction.config.internalTransactionAdvisor'
[DEBUG][main][2020-02-06 23:11:12][org.springframework.beans.factory.support.AbstractAutowireCapableBeanFactory] - Finished creating instance of bean 'org.springframework.web.servlet.handler.SimpleUrlHandlerMapping#0'
[DEBUG][main][2020-02-06 23:11:12][org.springframework.beans.factory.support.DefaultSingletonBeanRegistry] - Creating shared instance of singleton bean 'mvcCorsConfigurations'
[DEBUG][main][2020-02-06 23:11:12][org.springframework.beans.factory.support.AbstractAutowireCapableBeanFactory] - Creating instance of bean 'mvcCorsConfigurations'
[DEBUG][main][2020-02-06 23:11:12][org.springframework.beans.factory.support.AbstractAutowireCapableBeanFactory] - Eagerly caching bean 'mvcCorsConfigurations' to allow for resolving potential circular references
[DEBUG][main][2020-02-06 23:11:12][org.springframework.beans.factory.support.AbstractBeanFactory] - Returning cached instance of singleton bean 'org.springframework.transaction.config.internalTransactionAdvisor'
[DEBUG][main][2020-02-06 23:11:12][org.springframework.beans.factory.support.AbstractAutowireCapableBeanFactory] - Finished creating instance of bean 'mvcCorsConfigurations'
[DEBUG][main][2020-02-06 23:11:12][org.springframework.beans.factory.support.DefaultSingletonBeanRegistry] - Creating shared instance of singleton bean 'org.springframework.web.servlet.handler.BeanNameUrlHandlerMapping'
[DEBUG][main][2020-02-06 23:11:12][org.springframework.beans.factory.support.AbstractAutowireCapableBeanFactory] - Creating instance of bean 'org.springframework.web.servlet.handler.BeanNameUrlHandlerMapping'
[DEBUG][main][2020-02-06 23:11:12][org.springframework.beans.factory.support.AbstractAutowireCapableBeanFactory] - Eagerly caching bean 'org.springframework.web.servlet.handler.BeanNameUrlHandlerMapping' to allow for resolving potential circular references
[DEBUG][main][2020-02-06 23:11:12][org.springframework.beans.factory.support.AbstractBeanFactory] - Returning cached instance of singleton bean 'mvcCorsConfigurations'
[DEBUG][main][2020-02-06 23:11:12][org.springframework.beans.factory.support.AbstractBeanFactory] - Returning cached instance of singleton bean 'org.springframework.web.servlet.handler.MappedInterceptor#0'
[DEBUG][main][2020-02-06 23:11:12][org.springframework.beans.factory.support.AbstractBeanFactory] - Returning cached instance of singleton bean 'org.springframework.web.servlet.handler.MappedInterceptor#1'
[DEBUG][main][2020-02-06 23:11:12][org.springframework.web.servlet.handler.AbstractDetectingUrlHandlerMapping] - Looking for URL mappings in application context: org.springframework.context.support.GenericApplicationContext@6497b078: startup date [Thu Feb 06 23:11:09 GMT+08:00 2020]; root of context hierarchy
[DEBUG][main][2020-02-06 23:11:12][org.springframework.beans.factory.support.DefaultSingletonBeanRegistry] - Creating shared instance of singleton bean 'commentMapper'
[DEBUG][main][2020-02-06 23:11:12][org.springframework.beans.factory.support.AbstractAutowireCapableBeanFactory] - Creating instance of bean 'commentMapper'
[DEBUG][main][2020-02-06 23:11:12][org.springframework.beans.factory.support.AbstractAutowireCapableBeanFactory] - Eagerly caching bean 'commentMapper' to allow for resolving potential circular references
[DEBUG][main][2020-02-06 23:11:12][org.springframework.beans.factory.support.AbstractBeanFactory] - Returning cached instance of singleton bean 'sqlSessionFactory'
[DEBUG][main][2020-02-06 23:11:12][org.springframework.beans.factory.support.AbstractBeanFactory] - Returning cached instance of singleton bean 'org.springframework.transaction.config.internalTransactionAdvisor'
[DEBUG][main][2020-02-06 23:11:12][org.springframework.beans.factory.support.AbstractAutowireCapableBeanFactory] - Invoking afterPropertiesSet() on bean with name 'commentMapper'
[DEBUG][main][2020-02-06 23:11:12][org.springframework.beans.factory.support.AbstractBeanFactory] - Returning cached instance of singleton bean 'org.springframework.transaction.config.internalTransactionAdvisor'
[DEBUG][main][2020-02-06 23:11:12][org.springframework.beans.factory.support.AbstractAutowireCapableBeanFactory] - Finished creating instance of bean 'commentMapper'
[DEBUG][main][2020-02-06 23:11:12][org.springframework.beans.factory.support.DefaultSingletonBeanRegistry] - Creating shared instance of singleton bean 'loginLogMapper'
[DEBUG][main][2020-02-06 23:11:12][org.springframework.beans.factory.support.AbstractAutowireCapableBeanFactory] - Creating instance of bean 'loginLogMapper'
[DEBUG][main][2020-02-06 23:11:12][org.springframework.beans.factory.support.AbstractAutowireCapableBeanFactory] - Eagerly caching bean 'loginLogMapper' to allow for resolving potential circular references
[DEBUG][main][2020-02-06 23:11:12][org.springframework.beans.factory.support.AbstractBeanFactory] - Returning cached instance of singleton bean 'sqlSessionFactory'
[DEBUG][main][2020-02-06 23:11:12][org.springframework.beans.factory.support.AbstractAutowireCapableBeanFactory] - Invoking afterPropertiesSet() on bean with name 'loginLogMapper'
[DEBUG][main][2020-02-06 23:11:12][org.springframework.beans.factory.support.AbstractBeanFactory] - Returning cached instance of singleton bean 'org.springframework.transaction.config.internalTransactionAdvisor'
[DEBUG][main][2020-02-06 23:11:12][org.springframework.beans.factory.support.AbstractAutowireCapableBeanFactory] - Finished creating instance of bean 'loginLogMapper'
[DEBUG][main][2020-02-06 23:11:12][org.springframework.beans.factory.support.DefaultSingletonBeanRegistry] - Creating shared instance of singleton bean 'roleMapper'
[DEBUG][main][2020-02-06 23:11:12][org.springframework.beans.factory.support.AbstractAutowireCapableBeanFactory] - Creating instance of bean 'roleMapper'
[DEBUG][main][2020-02-06 23:11:12][org.springframework.beans.factory.support.AbstractAutowireCapableBeanFactory] - Eagerly caching bean 'roleMapper' to allow for resolving potential circular references
[DEBUG][main][2020-02-06 23:11:12][org.springframework.beans.factory.support.AbstractBeanFactory] - Returning cached instance of singleton bean 'sqlSessionFactory'
[DEBUG][main][2020-02-06 23:11:12][org.springframework.beans.factory.support.AbstractAutowireCapableBeanFactory] - Invoking afterPropertiesSet() on bean with name 'roleMapper'
[DEBUG][main][2020-02-06 23:11:12][org.springframework.beans.factory.support.AbstractBeanFactory] - Returning cached instance of singleton bean 'org.springframework.transaction.config.internalTransactionAdvisor'
[DEBUG][main][2020-02-06 23:11:12][org.springframework.beans.factory.support.AbstractAutowireCapableBeanFactory] - Finished creating instance of bean 'roleMapper'
[DEBUG][main][2020-02-06 23:11:12][org.springframework.beans.factory.support.DefaultSingletonBeanRegistry] - Creating shared instance of singleton bean 'roleUserMapper'
[DEBUG][main][2020-02-06 23:11:12][org.springframework.beans.factory.support.AbstractAutowireCapableBeanFactory] - Creating instance of bean 'roleUserMapper'
[DEBUG][main][2020-02-06 23:11:12][org.springframework.beans.factory.support.AbstractAutowireCapableBeanFactory] - Eagerly caching bean 'roleUserMapper' to allow for resolving potential circular references
[DEBUG][main][2020-02-06 23:11:12][org.springframework.beans.factory.support.AbstractBeanFactory] - Returning cached instance of singleton bean 'sqlSessionFactory'
[DEBUG][main][2020-02-06 23:11:12][org.springframework.beans.factory.support.AbstractAutowireCapableBeanFactory] - Invoking afterPropertiesSet() on bean with name 'roleUserMapper'
[DEBUG][main][2020-02-06 23:11:12][org.springframework.beans.factory.support.AbstractBeanFactory] - Returning cached instance of singleton bean 'org.springframework.transaction.config.internalTransactionAdvisor'
[DEBUG][main][2020-02-06 23:11:12][org.springframework.beans.factory.support.AbstractAutowireCapableBeanFactory] - Finished creating instance of bean 'roleUserMapper'
[DEBUG][main][2020-02-06 23:11:12][org.springframework.beans.factory.support.DefaultSingletonBeanRegistry] - Creating shared instance of singleton bean 'upvoteMapper'
[DEBUG][main][2020-02-06 23:11:12][org.springframework.beans.factory.support.AbstractAutowireCapableBeanFactory] - Creating instance of bean 'upvoteMapper'
[DEBUG][main][2020-02-06 23:11:12][org.springframework.beans.factory.support.AbstractAutowireCapableBeanFactory] - Eagerly caching bean 'upvoteMapper' to allow for resolving potential circular references
[DEBUG][main][2020-02-06 23:11:12][org.springframework.beans.factory.support.AbstractBeanFactory] - Returning cached instance of singleton bean 'sqlSessionFactory'
[DEBUG][main][2020-02-06 23:11:12][org.springframework.beans.factory.support.AbstractAutowireCapableBeanFactory] - Invoking afterPropertiesSet() on bean with name 'upvoteMapper'
[DEBUG][main][2020-02-06 23:11:12][org.springframework.beans.factory.support.AbstractBeanFactory] - Returning cached instance of singleton bean 'org.springframework.transaction.config.internalTransactionAdvisor'
[DEBUG][main][2020-02-06 23:11:12][org.springframework.beans.factory.support.AbstractAutowireCapableBeanFactory] - Finished creating instance of bean 'upvoteMapper'
[DEBUG][main][2020-02-06 23:11:12][org.springframework.beans.factory.support.DefaultSingletonBeanRegistry] - Creating shared instance of singleton bean 'userContentMapper'
[DEBUG][main][2020-02-06 23:11:12][org.springframework.beans.factory.support.AbstractAutowireCapableBeanFactory] - Creating instance of bean 'userContentMapper'
[DEBUG][main][2020-02-06 23:11:12][org.springframework.beans.factory.support.AbstractAutowireCapableBeanFactory] - Eagerly caching bean 'userContentMapper' to allow for resolving potential circular references
[DEBUG][main][2020-02-06 23:11:12][org.springframework.beans.factory.support.AbstractBeanFactory] - Returning cached instance of singleton bean 'sqlSessionFactory'
[DEBUG][main][2020-02-06 23:11:12][org.springframework.beans.factory.support.AbstractAutowireCapableBeanFactory] - Invoking afterPropertiesSet() on bean with name 'userContentMapper'
[DEBUG][main][2020-02-06 23:11:12][org.springframework.beans.factory.support.AbstractBeanFactory] - Returning cached instance of singleton bean 'org.springframework.transaction.config.internalTransactionAdvisor'
[DEBUG][main][2020-02-06 23:11:12][org.springframework.beans.factory.support.AbstractAutowireCapableBeanFactory] - Finished creating instance of bean 'userContentMapper'
[DEBUG][main][2020-02-06 23:11:12][org.springframework.beans.factory.support.DefaultSingletonBeanRegistry] - Creating shared instance of singleton bean 'userInfoMapper'
[DEBUG][main][2020-02-06 23:11:12][org.springframework.beans.factory.support.AbstractAutowireCapableBeanFactory] - Creating instance of bean 'userInfoMapper'
[DEBUG][main][2020-02-06 23:11:12][org.springframework.beans.factory.support.AbstractAutowireCapableBeanFactory] - Eagerly caching bean 'userInfoMapper' to allow for resolving potential circular references
[DEBUG][main][2020-02-06 23:11:12][org.springframework.beans.factory.support.AbstractBeanFactory] - Returning cached instance of singleton bean 'sqlSessionFactory'
[DEBUG][main][2020-02-06 23:11:12][org.springframework.beans.factory.support.AbstractAutowireCapableBeanFactory] - Invoking afterPropertiesSet() on bean with name 'userInfoMapper'
[DEBUG][main][2020-02-06 23:11:12][org.springframework.beans.factory.support.AbstractBeanFactory] - Returning cached instance of singleton bean 'org.springframework.transaction.config.internalTransactionAdvisor'
[DEBUG][main][2020-02-06 23:11:12][org.springframework.beans.factory.support.AbstractAutowireCapableBeanFactory] - Finished creating instance of bean 'userInfoMapper'
[DEBUG][main][2020-02-06 23:11:12][org.springframework.beans.factory.support.DefaultSingletonBeanRegistry] - Creating shared instance of singleton bean 'userMapper'
[DEBUG][main][2020-02-06 23:11:12][org.springframework.beans.factory.support.AbstractAutowireCapableBeanFactory] - Creating instance of bean 'userMapper'
[DEBUG][main][2020-02-06 23:11:12][org.springframework.beans.factory.support.AbstractAutowireCapableBeanFactory] - Eagerly caching bean 'userMapper' to allow for resolving potential circular references
[DEBUG][main][2020-02-06 23:11:12][org.springframework.beans.factory.support.AbstractBeanFactory] - Returning cached instance of singleton bean 'sqlSessionFactory'
[DEBUG][main][2020-02-06 23:11:12][org.springframework.beans.factory.support.AbstractAutowireCapableBeanFactory] - Invoking afterPropertiesSet() on bean with name 'userMapper'
[DEBUG][main][2020-02-06 23:11:12][org.springframework.beans.factory.support.AbstractBeanFactory] - Returning cached instance of singleton bean 'org.springframework.transaction.config.internalTransactionAdvisor'
[DEBUG][main][2020-02-06 23:11:12][org.springframework.beans.factory.support.AbstractAutowireCapableBeanFactory] - Finished creating instance of bean 'userMapper'
[DEBUG][main][2020-02-06 23:11:12][org.springframework.web.servlet.handler.AbstractDetectingUrlHandlerMapping] - Rejected bean name 'org.springframework.context.annotation.internalConfigurationAnnotationProcessor': no URL paths identified
[DEBUG][main][2020-02-06 23:11:12][org.springframework.web.servlet.handler.AbstractDetectingUrlHandlerMapping] - Rejected bean name 'org.springframework.context.annotation.internalAutowiredAnnotationProcessor': no URL paths identified
[DEBUG][main][2020-02-06 23:11:12][org.springframework.web.servlet.handler.AbstractDetectingUrlHandlerMapping] - Rejected bean name 'org.springframework.context.annotation.internalRequiredAnnotationProcessor': no URL paths identified
[DEBUG][main][2020-02-06 23:11:12][org.springframework.web.servlet.handler.AbstractDetectingUrlHandlerMapping] - Rejected bean name 'org.springframework.context.annotation.internalCommonAnnotationProcessor': no URL paths identified
[DEBUG][main][2020-02-06 23:11:12][org.springframework.web.servlet.handler.AbstractDetectingUrlHandlerMapping] - Rejected bean name 'org.springframework.context.event.internalEventListenerProcessor': no URL paths identified
[DEBUG][main][2020-02-06 23:11:12][org.springframework.web.servlet.handler.AbstractDetectingUrlHandlerMapping] - Rejected bean name 'org.springframework.context.event.internalEventListenerFactory': no URL paths identified
[DEBUG][main][2020-02-06 23:11:12][org.springframework.web.servlet.handler.AbstractDetectingUrlHandlerMapping] - Rejected bean name 'configProperties': no URL paths identified
[DEBUG][main][2020-02-06 23:11:12][org.springframework.web.servlet.handler.AbstractDetectingUrlHandlerMapping] - Rejected bean name 'propertyConfigurer': no URL paths identified
[DEBUG][main][2020-02-06 23:11:12][org.springframework.web.servlet.handler.AbstractDetectingUrlHandlerMapping] - Rejected bean name 'dataSource': no URL paths identified
[DEBUG][main][2020-02-06 23:11:12][org.springframework.web.servlet.handler.AbstractDetectingUrlHandlerMapping] - Rejected bean name 'sqlSessionFactory': no URL paths identified
[DEBUG][main][2020-02-06 23:11:12][org.springframework.web.servlet.handler.AbstractDetectingUrlHandlerMapping] - Rejected bean name 'org.mybatis.spring.mapper.MapperScannerConfigurer#0': no URL paths identified
[DEBUG][main][2020-02-06 23:11:12][org.springframework.web.servlet.handler.AbstractDetectingUrlHandlerMapping] - Rejected bean name 'transactionManager': no URL paths identified
[DEBUG][main][2020-02-06 23:11:12][org.springframework.web.servlet.handler.AbstractDetectingUrlHandlerMapping] - Rejected bean name 'org.springframework.transaction.config.internalTransactionalEventListenerFactory': no URL paths identified
[DEBUG][main][2020-02-06 23:11:12][org.springframework.web.servlet.handler.AbstractDetectingUrlHandlerMapping] - Rejected bean name 'org.springframework.aop.config.internalAutoProxyCreator': no URL paths identified
[DEBUG][main][2020-02-06 23:11:12][org.springframework.web.servlet.handler.AbstractDetectingUrlHandlerMapping] - Rejected bean name 'org.springframework.transaction.annotation.AnnotationTransactionAttributeSource#0': no URL paths identified
[DEBUG][main][2020-02-06 23:11:12][org.springframework.web.servlet.handler.AbstractDetectingUrlHandlerMapping] - Rejected bean name 'org.springframework.transaction.interceptor.TransactionInterceptor#0': no URL paths identified
[DEBUG][main][2020-02-06 23:11:12][org.springframework.web.servlet.handler.AbstractDetectingUrlHandlerMapping] - Rejected bean name 'org.springframework.transaction.config.internalTransactionAdvisor': no URL paths identified
[DEBUG][main][2020-02-06 23:11:12][org.springframework.web.servlet.handler.AbstractDetectingUrlHandlerMapping] - Rejected bean name 'org.springframework.web.servlet.resource.DefaultServletHttpRequestHandler#0': no URL paths identified
[DEBUG][main][2020-02-06 23:11:12][org.springframework.web.servlet.handler.AbstractDetectingUrlHandlerMapping] - Rejected bean name 'org.springframework.web.servlet.handler.SimpleUrlHandlerMapping#0': no URL paths identified
[DEBUG][main][2020-02-06 23:11:12][org.springframework.web.servlet.handler.AbstractDetectingUrlHandlerMapping] - Rejected bean name 'mvcCorsConfigurations': no URL paths identified
[DEBUG][main][2020-02-06 23:11:12][org.springframework.web.servlet.handler.AbstractDetectingUrlHandlerMapping] - Rejected bean name 'org.springframework.web.servlet.handler.BeanNameUrlHandlerMapping': no URL paths identified
[DEBUG][main][2020-02-06 23:11:12][org.springframework.web.servlet.handler.AbstractDetectingUrlHandlerMapping] - Rejected bean name 'org.springframework.web.servlet.mvc.HttpRequestHandlerAdapter': no URL paths identified
[DEBUG][main][2020-02-06 23:11:12][org.springframework.web.servlet.handler.AbstractDetectingUrlHandlerMapping] - Rejected bean name 'org.springframework.web.servlet.mvc.SimpleControllerHandlerAdapter': no URL paths identified
[DEBUG][main][2020-02-06 23:11:12][org.springframework.web.servlet.handler.AbstractDetectingUrlHandlerMapping] - Rejected bean name 'mappingJacksonHttpMessageConverter': no URL paths identified
[DEBUG][main][2020-02-06 23:11:12][org.springframework.web.servlet.handler.AbstractDetectingUrlHandlerMapping] - Rejected bean name 'mvcContentNegotiationManager': no URL paths identified
[DEBUG][main][2020-02-06 23:11:12][org.springframework.web.servlet.handler.AbstractDetectingUrlHandlerMapping] - Rejected bean name 'org.springframework.web.servlet.mvc.method.annotation.RequestMappingHandlerMapping': no URL paths identified
[DEBUG][main][2020-02-06 23:11:12][org.springframework.web.servlet.handler.AbstractDetectingUrlHandlerMapping] - Rejected bean name 'org.springframework.format.support.FormattingConversionServiceFactoryBean#0': no URL paths identified
[DEBUG][main][2020-02-06 23:11:12][org.springframework.web.servlet.handler.AbstractDetectingUrlHandlerMapping] - Rejected bean name 'org.springframework.validation.beanvalidation.OptionalValidatorFactoryBean#0': no URL paths identified
[DEBUG][main][2020-02-06 23:11:12][org.springframework.web.servlet.handler.AbstractDetectingUrlHandlerMapping] - Rejected bean name 'org.springframework.web.servlet.mvc.method.annotation.RequestMappingHandlerAdapter': no URL paths identified
[DEBUG][main][2020-02-06 23:11:12][org.springframework.web.servlet.handler.AbstractDetectingUrlHandlerMapping] - Rejected bean name 'mvcUriComponentsContributor': no URL paths identified
[DEBUG][main][2020-02-06 23:11:12][org.springframework.web.servlet.handler.AbstractDetectingUrlHandlerMapping] - Rejected bean name 'org.springframework.web.servlet.handler.MappedInterceptor#0': no URL paths identified
[DEBUG][main][2020-02-06 23:11:12][org.springframework.web.servlet.handler.AbstractDetectingUrlHandlerMapping] - Rejected bean name 'org.springframework.web.servlet.mvc.method.annotation.ExceptionHandlerExceptionResolver#0': no URL paths identified
[DEBUG][main][2020-02-06 23:11:12][org.springframework.web.servlet.handler.AbstractDetectingUrlHandlerMapping] - Rejected bean name 'org.springframework.web.servlet.mvc.annotation.ResponseStatusExceptionResolver#0': no URL paths identified
[DEBUG][main][2020-02-06 23:11:12][org.springframework.web.servlet.handler.AbstractDetectingUrlHandlerMapping] - Rejected bean name 'org.springframework.web.servlet.mvc.support.DefaultHandlerExceptionResolver#0': no URL paths identified
[DEBUG][main][2020-02-06 23:11:12][org.springframework.web.servlet.handler.AbstractDetectingUrlHandlerMapping] - Rejected bean name 'org.springframework.web.servlet.view.InternalResourceViewResolver#0': no URL paths identified
[DEBUG][main][2020-02-06 23:11:12][org.springframework.web.servlet.handler.AbstractDetectingUrlHandlerMapping] - Rejected bean name 'multipartResolver': no URL paths identified
[DEBUG][main][2020-02-06 23:11:12][org.springframework.web.servlet.handler.AbstractDetectingUrlHandlerMapping] - Rejected bean name 'mvcResourceUrlProvider': no URL paths identified
[DEBUG][main][2020-02-06 23:11:12][org.springframework.web.servlet.handler.AbstractDetectingUrlHandlerMapping] - Rejected bean name 'org.springframework.web.servlet.handler.MappedInterceptor#1': no URL paths identified
[DEBUG][main][2020-02-06 23:11:12][org.springframework.web.servlet.handler.AbstractDetectingUrlHandlerMapping] - Rejected bean name 'org.springframework.web.servlet.resource.ResourceHttpRequestHandler#0': no URL paths identified
[DEBUG][main][2020-02-06 23:11:12][org.springframework.web.servlet.handler.AbstractDetectingUrlHandlerMapping] - Rejected bean name 'mvcPathMatcher': no URL paths identified
[DEBUG][main][2020-02-06 23:11:12][org.springframework.web.servlet.handler.AbstractDetectingUrlHandlerMapping] - Rejected bean name 'mvcUrlPathHelper': no URL paths identified
[DEBUG][main][2020-02-06 23:11:12][org.springframework.web.servlet.handler.AbstractDetectingUrlHandlerMapping] - Rejected bean name 'org.springframework.web.servlet.handler.SimpleUrlHandlerMapping#1': no URL paths identified
[DEBUG][main][2020-02-06 23:11:12][org.springframework.web.servlet.handler.AbstractDetectingUrlHandlerMapping] - Rejected bean name 'org.springframework.web.servlet.resource.ResourceHttpRequestHandler#1': no URL paths identified
[DEBUG][main][2020-02-06 23:11:12][org.springframework.web.servlet.handler.AbstractDetectingUrlHandlerMapping] - Rejected bean name 'org.springframework.web.servlet.handler.SimpleUrlHandlerMapping#2': no URL paths identified
[DEBUG][main][2020-02-06 23:11:12][org.springframework.web.servlet.handler.AbstractDetectingUrlHandlerMapping] - Rejected bean name 'org.springframework.web.servlet.resource.ResourceHttpRequestHandler#2': no URL paths identified
[DEBUG][main][2020-02-06 23:11:12][org.springframework.web.servlet.handler.AbstractDetectingUrlHandlerMapping] - Rejected bean name 'org.springframework.web.servlet.handler.SimpleUrlHandlerMapping#3': no URL paths identified
[DEBUG][main][2020-02-06 23:11:12][org.springframework.web.servlet.handler.AbstractDetectingUrlHandlerMapping] - Rejected bean name 'org.springframework.context.annotation.ConfigurationClassPostProcessor.importAwareProcessor': no URL paths identified
[DEBUG][main][2020-02-06 23:11:12][org.springframework.web.servlet.handler.AbstractDetectingUrlHandlerMapping] - Rejected bean name 'org.springframework.context.annotation.ConfigurationClassPostProcessor.enhancedConfigurationProcessor': no URL paths identified
[DEBUG][main][2020-02-06 23:11:12][org.springframework.web.servlet.handler.AbstractDetectingUrlHandlerMapping] - Rejected bean name 'commentMapper': no URL paths identified
[DEBUG][main][2020-02-06 23:11:12][org.springframework.web.servlet.handler.AbstractDetectingUrlHandlerMapping] - Rejected bean name 'loginLogMapper': no URL paths identified
[DEBUG][main][2020-02-06 23:11:12][org.springframework.web.servlet.handler.AbstractDetectingUrlHandlerMapping] - Rejected bean name 'roleMapper': no URL paths identified
[DEBUG][main][2020-02-06 23:11:12][org.springframework.web.servlet.handler.AbstractDetectingUrlHandlerMapping] - Rejected bean name 'roleUserMapper': no URL paths identified
[DEBUG][main][2020-02-06 23:11:12][org.springframework.web.servlet.handler.AbstractDetectingUrlHandlerMapping] - Rejected bean name 'upvoteMapper': no URL paths identified
[DEBUG][main][2020-02-06 23:11:12][org.springframework.web.servlet.handler.AbstractDetectingUrlHandlerMapping] - Rejected bean name 'userContentMapper': no URL paths identified
[DEBUG][main][2020-02-06 23:11:12][org.springframework.web.servlet.handler.AbstractDetectingUrlHandlerMapping] - Rejected bean name 'userInfoMapper': no URL paths identified
[DEBUG][main][2020-02-06 23:11:12][org.springframework.web.servlet.handler.AbstractDetectingUrlHandlerMapping] - Rejected bean name 'userMapper': no URL paths identified
[DEBUG][main][2020-02-06 23:11:12][org.springframework.web.servlet.handler.AbstractDetectingUrlHandlerMapping] - Rejected bean name 'environment': no URL paths identified
[DEBUG][main][2020-02-06 23:11:12][org.springframework.web.servlet.handler.AbstractDetectingUrlHandlerMapping] - Rejected bean name 'systemProperties': no URL paths identified
[DEBUG][main][2020-02-06 23:11:12][org.springframework.web.servlet.handler.AbstractDetectingUrlHandlerMapping] - Rejected bean name 'systemEnvironment': no URL paths identified
[DEBUG][main][2020-02-06 23:11:12][org.springframework.web.servlet.handler.AbstractDetectingUrlHandlerMapping] - Rejected bean name 'messageSource': no URL paths identified
[DEBUG][main][2020-02-06 23:11:12][org.springframework.web.servlet.handler.AbstractDetectingUrlHandlerMapping] - Rejected bean name 'applicationEventMulticaster': no URL paths identified
[DEBUG][main][2020-02-06 23:11:12][org.springframework.beans.factory.support.AbstractBeanFactory] - Returning cached instance of singleton bean 'org.springframework.transaction.config.internalTransactionAdvisor'
[DEBUG][main][2020-02-06 23:11:12][org.springframework.beans.factory.support.AbstractAutowireCapableBeanFactory] - Finished creating instance of bean 'org.springframework.web.servlet.handler.BeanNameUrlHandlerMapping'
[DEBUG][main][2020-02-06 23:11:12][org.springframework.beans.factory.support.DefaultSingletonBeanRegistry] - Creating shared instance of singleton bean 'org.springframework.web.servlet.mvc.HttpRequestHandlerAdapter'
[DEBUG][main][2020-02-06 23:11:12][org.springframework.beans.factory.support.AbstractAutowireCapableBeanFactory] - Creating instance of bean 'org.springframework.web.servlet.mvc.HttpRequestHandlerAdapter'
[DEBUG][main][2020-02-06 23:11:12][org.springframework.beans.factory.support.AbstractAutowireCapableBeanFactory] - Eagerly caching bean 'org.springframework.web.servlet.mvc.HttpRequestHandlerAdapter' to allow for resolving potential circular references
[DEBUG][main][2020-02-06 23:11:12][org.springframework.beans.factory.support.AbstractBeanFactory] - Returning cached instance of singleton bean 'org.springframework.transaction.config.internalTransactionAdvisor'
[DEBUG][main][2020-02-06 23:11:12][org.springframework.beans.factory.support.AbstractAutowireCapableBeanFactory] - Finished creating instance of bean 'org.springframework.web.servlet.mvc.HttpRequestHandlerAdapter'
[DEBUG][main][2020-02-06 23:11:12][org.springframework.beans.factory.support.DefaultSingletonBeanRegistry] - Creating shared instance of singleton bean 'org.springframework.web.servlet.mvc.SimpleControllerHandlerAdapter'
[DEBUG][main][2020-02-06 23:11:12][org.springframework.beans.factory.support.AbstractAutowireCapableBeanFactory] - Creating instance of bean 'org.springframework.web.servlet.mvc.SimpleControllerHandlerAdapter'
[DEBUG][main][2020-02-06 23:11:12][org.springframework.beans.factory.support.AbstractAutowireCapableBeanFactory] - Eagerly caching bean 'org.springframework.web.servlet.mvc.SimpleControllerHandlerAdapter' to allow for resolving potential circular references
[DEBUG][main][2020-02-06 23:11:12][org.springframework.beans.factory.support.AbstractBeanFactory] - Returning cached instance of singleton bean 'org.springframework.transaction.config.internalTransactionAdvisor'
[DEBUG][main][2020-02-06 23:11:12][org.springframework.beans.factory.support.AbstractAutowireCapableBeanFactory] - Finished creating instance of bean 'org.springframework.web.servlet.mvc.SimpleControllerHandlerAdapter'
[DEBUG][main][2020-02-06 23:11:12][org.springframework.beans.factory.support.DefaultSingletonBeanRegistry] - Creating shared instance of singleton bean 'mappingJacksonHttpMessageConverter'
[DEBUG][main][2020-02-06 23:11:12][org.springframework.beans.factory.support.AbstractAutowireCapableBeanFactory] - Creating instance of bean 'mappingJacksonHttpMessageConverter'
[DEBUG][main][2020-02-06 23:11:12][org.springframework.beans.factory.support.AbstractAutowireCapableBeanFactory] - Eagerly caching bean 'mappingJacksonHttpMessageConverter' to allow for resolving potential circular references
[DEBUG][main][2020-02-06 23:11:12][org.springframework.beans.factory.support.AbstractBeanFactory] - Returning cached instance of singleton bean 'org.springframework.transaction.config.internalTransactionAdvisor'
[DEBUG][main][2020-02-06 23:11:12][org.springframework.beans.factory.support.AbstractAutowireCapableBeanFactory] - Finished creating instance of bean 'mappingJacksonHttpMessageConverter'
[DEBUG][main][2020-02-06 23:11:12][org.springframework.beans.factory.support.DefaultSingletonBeanRegistry] - Creating shared instance of singleton bean 'mvcContentNegotiationManager'
[DEBUG][main][2020-02-06 23:11:12][org.springframework.beans.factory.support.AbstractAutowireCapableBeanFactory] - Creating instance of bean 'mvcContentNegotiationManager'
[DEBUG][main][2020-02-06 23:11:12][org.springframework.beans.factory.support.AbstractAutowireCapableBeanFactory] - Eagerly caching bean 'mvcContentNegotiationManager' to allow for resolving potential circular references
[DEBUG][main][2020-02-06 23:11:12][org.springframework.beans.factory.support.AbstractAutowireCapableBeanFactory] - Invoking afterPropertiesSet() on bean with name 'mvcContentNegotiationManager'
[DEBUG][main][2020-02-06 23:11:12][org.springframework.beans.factory.support.AbstractBeanFactory] - Returning cached instance of singleton bean 'org.springframework.transaction.config.internalTransactionAdvisor'
[DEBUG][main][2020-02-06 23:11:12][org.springframework.beans.factory.support.AbstractAutowireCapableBeanFactory] - Finished creating instance of bean 'mvcContentNegotiationManager'
[DEBUG][main][2020-02-06 23:11:12][org.springframework.beans.factory.support.DefaultSingletonBeanRegistry] - Creating shared instance of singleton bean 'org.springframework.web.servlet.mvc.method.annotation.RequestMappingHandlerMapping'
[DEBUG][main][2020-02-06 23:11:12][org.springframework.beans.factory.support.AbstractAutowireCapableBeanFactory] - Creating instance of bean 'org.springframework.web.servlet.mvc.method.annotation.RequestMappingHandlerMapping'
[DEBUG][main][2020-02-06 23:11:12][org.springframework.beans.factory.support.AbstractAutowireCapableBeanFactory] - Eagerly caching bean 'org.springframework.web.servlet.mvc.method.annotation.RequestMappingHandlerMapping' to allow for resolving potential circular references
[DEBUG][main][2020-02-06 23:11:12][org.springframework.beans.factory.support.AbstractBeanFactory] - Returning cached instance of singleton bean 'mvcContentNegotiationManager'
[DEBUG][main][2020-02-06 23:11:12][org.springframework.beans.factory.support.AbstractBeanFactory] - Returning cached instance of singleton bean 'org.springframework.transaction.config.internalTransactionAdvisor'
[DEBUG][main][2020-02-06 23:11:12][org.springframework.beans.factory.support.AbstractBeanFactory] - Returning cached instance of singleton bean 'mvcCorsConfigurations'
[DEBUG][main][2020-02-06 23:11:12][org.springframework.beans.factory.support.AbstractBeanFactory] - Returning cached instance of singleton bean 'org.springframework.web.servlet.handler.MappedInterceptor#0'
[DEBUG][main][2020-02-06 23:11:12][org.springframework.beans.factory.support.AbstractBeanFactory] - Returning cached instance of singleton bean 'org.springframework.web.servlet.handler.MappedInterceptor#1'
[DEBUG][main][2020-02-06 23:11:12][org.springframework.beans.factory.support.AbstractAutowireCapableBeanFactory] - Invoking afterPropertiesSet() on bean with name 'org.springframework.web.servlet.mvc.method.annotation.RequestMappingHandlerMapping'
[DEBUG][main][2020-02-06 23:11:12][org.springframework.web.servlet.handler.AbstractHandlerMethodMapping] - Looking for request mappings in application context: org.springframework.context.support.GenericApplicationContext@6497b078: startup date [Thu Feb 06 23:11:09 GMT+08:00 2020]; root of context hierarchy
[DEBUG][main][2020-02-06 23:11:12][org.springframework.beans.factory.support.AbstractBeanFactory] - Returning cached instance of singleton bean 'org.springframework.transaction.config.internalTransactionAdvisor'
[DEBUG][main][2020-02-06 23:11:12][org.springframework.beans.factory.support.AbstractAutowireCapableBeanFactory] - Finished creating instance of bean 'org.springframework.web.servlet.mvc.method.annotation.RequestMappingHandlerMapping'
[DEBUG][main][2020-02-06 23:11:12][org.springframework.beans.factory.support.AbstractBeanFactory] - Returning cached instance of singleton bean 'org.springframework.format.support.FormattingConversionServiceFactoryBean#0'
[DEBUG][main][2020-02-06 23:11:12][org.springframework.beans.factory.support.DefaultSingletonBeanRegistry] - Creating shared instance of singleton bean 'org.springframework.validation.beanvalidation.OptionalValidatorFactoryBean#0'
[DEBUG][main][2020-02-06 23:11:12][org.springframework.beans.factory.support.AbstractAutowireCapableBeanFactory] - Creating instance of bean 'org.springframework.validation.beanvalidation.OptionalValidatorFactoryBean#0'
[DEBUG][main][2020-02-06 23:11:12][org.springframework.beans.factory.support.AbstractAutowireCapableBeanFactory] - Eagerly caching bean 'org.springframework.validation.beanvalidation.OptionalValidatorFactoryBean#0' to allow for resolving potential circular references
[DEBUG][main][2020-02-06 23:11:12][org.springframework.beans.factory.support.AbstractAutowireCapableBeanFactory] - Invoking afterPropertiesSet() on bean with name 'org.springframework.validation.beanvalidation.OptionalValidatorFactoryBean#0'
[DEBUG][main][2020-02-06 23:11:12][org.springframework.validation.beanvalidation.OptionalValidatorFactoryBean] - Failed to set up a Bean Validation provider
javax.validation.ValidationException: Unable to create a Configuration, because no Bean Validation provider could be found. Add a provider like Hibernate Validator (RI) to your classpath.
	at javax.validation.Validation$GenericBootstrapImpl.configure(Validation.java:271)
	at org.springframework.validation.beanvalidation.LocalValidatorFactoryBean.afterPropertiesSet(LocalValidatorFactoryBean.java:223)
	at org.springframework.validation.beanvalidation.OptionalValidatorFactoryBean.afterPropertiesSet(OptionalValidatorFactoryBean.java:40)
	at org.springframework.beans.factory.support.AbstractAutowireCapableBeanFactory.invokeInitMethods(AbstractAutowireCapableBeanFactory.java:1637)
	at org.springframework.beans.factory.support.AbstractAutowireCapableBeanFactory.initializeBean(AbstractAutowireCapableBeanFactory.java:1574)
	at org.springframework.beans.factory.support.AbstractAutowireCapableBeanFactory.doCreateBean(AbstractAutowireCapableBeanFactory.java:545)
	at org.springframework.beans.factory.support.AbstractAutowireCapableBeanFactory.createBean(AbstractAutowireCapableBeanFactory.java:482)
	at org.springframework.beans.factory.support.AbstractBeanFactory$1.getObject(AbstractBeanFactory.java:306)
	at org.springframework.beans.factory.support.DefaultSingletonBeanRegistry.getSingleton(DefaultSingletonBeanRegistry.java:230)
	at org.springframework.beans.factory.support.AbstractBeanFactory.doGetBean(AbstractBeanFactory.java:302)
	at org.springframework.beans.factory.support.AbstractBeanFactory.getBean(AbstractBeanFactory.java:197)
	at org.springframework.beans.factory.support.DefaultListableBeanFactory.preInstantiateSingletons(DefaultListableBeanFactory.java:772)
	at org.springframework.context.support.AbstractApplicationContext.finishBeanFactoryInitialization(AbstractApplicationContext.java:839)
	at org.springframework.context.support.AbstractApplicationContext.refresh(AbstractApplicationContext.java:538)
	at org.springframework.test.context.support.AbstractGenericContextLoader.loadContext(AbstractGenericContextLoader.java:125)
	at org.springframework.test.context.support.AbstractGenericContextLoader.loadContext(AbstractGenericContextLoader.java:60)
	at org.springframework.test.context.support.AbstractDelegatingSmartContextLoader.delegateLoading(AbstractDelegatingSmartContextLoader.java:109)
	at org.springframework.test.context.support.AbstractDelegatingSmartContextLoader.loadContext(AbstractDelegatingSmartContextLoader.java:261)
	at org.springframework.test.context.cache.DefaultCacheAwareContextLoaderDelegate.loadContextInternal(DefaultCacheAwareContextLoaderDelegate.java:98)
	at org.springframework.test.context.cache.DefaultCacheAwareContextLoaderDelegate.loadContext(DefaultCacheAwareContextLoaderDelegate.java:116)
	at org.springframework.test.context.support.DefaultTestContext.getApplicationContext(DefaultTestContext.java:83)
	at org.springframework.test.context.support.DependencyInjectionTestExecutionListener.injectDependencies(DependencyInjectionTestExecutionListener.java:117)
	at org.springframework.test.context.support.DependencyInjectionTestExecutionListener.prepareTestInstance(DependencyInjectionTestExecutionListener.java:83)
	at org.springframework.test.context.TestContextManager.prepareTestInstance(TestContextManager.java:228)
	at org.springframework.test.context.junit4.SpringJUnit4ClassRunner.createTest(SpringJUnit4ClassRunner.java:230)
	at org.springframework.test.context.junit4.SpringJUnit4ClassRunner$1.runReflectiveCall(SpringJUnit4ClassRunner.java:289)
	at org.junit.internal.runners.model.ReflectiveCallable.run(ReflectiveCallable.java:12)
	at org.springframework.test.context.junit4.SpringJUnit4ClassRunner.methodBlock(SpringJUnit4ClassRunner.java:291)
	at org.springframework.test.context.junit4.SpringJUnit4ClassRunner.runChild(SpringJUnit4ClassRunner.java:249)
	at org.springframework.test.context.junit4.SpringJUnit4ClassRunner.runChild(SpringJUnit4ClassRunner.java:89)
	at org.junit.runners.ParentRunner$3.run(ParentRunner.java:238)
	at org.junit.runners.ParentRunner$1.schedule(ParentRunner.java:63)
	at org.junit.runners.ParentRunner.runChildren(ParentRunner.java:236)
	at org.junit.runners.ParentRunner.access$000(ParentRunner.java:53)
	at org.junit.runners.ParentRunner$2.evaluate(ParentRunner.java:229)
	at org.springframework.test.context.junit4.statements.RunBeforeTestClassCallbacks.evaluate(RunBeforeTestClassCallbacks.java:61)
	at org.springframework.test.context.junit4.statements.RunAfterTestClassCallbacks.evaluate(RunAfterTestClassCallbacks.java:70)
	at org.junit.runners.ParentRunner.run(ParentRunner.java:309)
	at org.springframework.test.context.junit4.SpringJUnit4ClassRunner.run(SpringJUnit4ClassRunner.java:193)
	at org.apache.maven.surefire.junit4.JUnit4Provider.execute(JUnit4Provider.java:365)
	at org.apache.maven.surefire.junit4.JUnit4Provider.executeWithRerun(JUnit4Provider.java:273)
	at org.apache.maven.surefire.junit4.JUnit4Provider.executeTestSet(JUnit4Provider.java:238)
	at org.apache.maven.surefire.junit4.JUnit4Provider.invoke(JUnit4Provider.java:159)
	at org.apache.maven.surefire.booter.ForkedBooter.invokeProviderInSameClassLoader(ForkedBooter.java:384)
	at org.apache.maven.surefire.booter.ForkedBooter.runSuitesInProcess(ForkedBooter.java:345)
	at org.apache.maven.surefire.booter.ForkedBooter.execute(ForkedBooter.java:126)
	at org.apache.maven.surefire.booter.ForkedBooter.main(ForkedBooter.java:418)
[DEBUG][main][2020-02-06 23:11:12][org.springframework.beans.factory.support.AbstractBeanFactory] - Returning cached instance of singleton bean 'org.springframework.transaction.config.internalTransactionAdvisor'
[DEBUG][main][2020-02-06 23:11:12][org.springframework.beans.factory.support.AbstractAutowireCapableBeanFactory] - Finished creating instance of bean 'org.springframework.validation.beanvalidation.OptionalValidatorFactoryBean#0'
[DEBUG][main][2020-02-06 23:11:12][org.springframework.beans.factory.support.DefaultSingletonBeanRegistry] - Creating shared instance of singleton bean 'org.springframework.web.servlet.mvc.method.annotation.RequestMappingHandlerAdapter'
[DEBUG][main][2020-02-06 23:11:12][org.springframework.beans.factory.support.AbstractAutowireCapableBeanFactory] - Creating instance of bean 'org.springframework.web.servlet.mvc.method.annotation.RequestMappingHandlerAdapter'
[DEBUG][main][2020-02-06 23:11:12][org.springframework.beans.factory.support.AbstractAutowireCapableBeanFactory] - Eagerly caching bean 'org.springframework.web.servlet.mvc.method.annotation.RequestMappingHandlerAdapter' to allow for resolving potential circular references
[DEBUG][main][2020-02-06 23:11:12][org.springframework.beans.factory.support.AbstractBeanFactory] - Returning cached instance of singleton bean 'mvcContentNegotiationManager'
[DEBUG][main][2020-02-06 23:11:12][org.springframework.beans.factory.support.AbstractAutowireCapableBeanFactory] - Creating instance of bean '(inner bean)#58a120b0'
[DEBUG][main][2020-02-06 23:11:12][org.springframework.beans.factory.support.AbstractBeanFactory] - Returning cached instance of singleton bean 'org.springframework.format.support.FormattingConversionServiceFactoryBean#0'
[DEBUG][main][2020-02-06 23:11:12][org.springframework.beans.factory.support.AbstractBeanFactory] - Returning cached instance of singleton bean 'org.springframework.validation.beanvalidation.OptionalValidatorFactoryBean#0'
[DEBUG][main][2020-02-06 23:11:12][org.springframework.beans.factory.support.AbstractBeanFactory] - Returning cached instance of singleton bean 'org.springframework.transaction.config.internalTransactionAdvisor'
[DEBUG][main][2020-02-06 23:11:12][org.springframework.beans.factory.support.AbstractAutowireCapableBeanFactory] - Finished creating instance of bean '(inner bean)#58a120b0'
[DEBUG][main][2020-02-06 23:11:12][org.springframework.beans.factory.support.AbstractAutowireCapableBeanFactory] - Creating instance of bean '(inner bean)#7c4fc2bf'
[DEBUG][main][2020-02-06 23:11:12][org.springframework.beans.factory.support.AbstractBeanFactory] - Returning cached instance of singleton bean 'org.springframework.transaction.config.internalTransactionAdvisor'
[DEBUG][main][2020-02-06 23:11:12][org.springframework.beans.factory.support.AbstractAutowireCapableBeanFactory] - Finished creating instance of bean '(inner bean)#7c4fc2bf'
[DEBUG][main][2020-02-06 23:11:12][org.springframework.beans.factory.support.AbstractAutowireCapableBeanFactory] - Creating instance of bean '(inner bean)#2f61f937'
[DEBUG][main][2020-02-06 23:11:12][org.springframework.beans.factory.support.AbstractBeanFactory] - Returning cached instance of singleton bean 'org.springframework.transaction.config.internalTransactionAdvisor'
[DEBUG][main][2020-02-06 23:11:12][org.springframework.beans.factory.support.AbstractAutowireCapableBeanFactory] - Finished creating instance of bean '(inner bean)#2f61f937'
[DEBUG][main][2020-02-06 23:11:12][org.springframework.beans.factory.support.AbstractAutowireCapableBeanFactory] - Creating instance of bean '(inner bean)#44de0113'
[DEBUG][main][2020-02-06 23:11:12][org.springframework.beans.factory.support.AbstractBeanFactory] - Returning cached instance of singleton bean 'org.springframework.transaction.config.internalTransactionAdvisor'
[DEBUG][main][2020-02-06 23:11:12][org.springframework.beans.factory.support.AbstractAutowireCapableBeanFactory] - Finished creating instance of bean '(inner bean)#44de0113'
[DEBUG][main][2020-02-06 23:11:12][org.springframework.beans.factory.support.AbstractAutowireCapableBeanFactory] - Creating instance of bean '(inner bean)#236134a1'
[DEBUG][main][2020-02-06 23:11:12][org.springframework.beans.factory.support.AbstractBeanFactory] - Returning cached instance of singleton bean 'org.springframework.transaction.config.internalTransactionAdvisor'
[DEBUG][main][2020-02-06 23:11:12][org.springframework.beans.factory.support.AbstractAutowireCapableBeanFactory] - Finished creating instance of bean '(inner bean)#236134a1'
[DEBUG][main][2020-02-06 23:11:12][org.springframework.beans.factory.support.AbstractAutowireCapableBeanFactory] - Creating instance of bean '(inner bean)#25b5c5e3'
[DEBUG][main][2020-02-06 23:11:12][org.springframework.beans.factory.support.AbstractBeanFactory] - Returning cached instance of singleton bean 'org.springframework.transaction.config.internalTransactionAdvisor'
[DEBUG][main][2020-02-06 23:11:12][org.springframework.beans.factory.support.AbstractAutowireCapableBeanFactory] - Finished creating instance of bean '(inner bean)#25b5c5e3'
[DEBUG][main][2020-02-06 23:11:12][org.springframework.beans.factory.support.AbstractAutowireCapableBeanFactory] - Creating instance of bean '(inner bean)#2c708440'
[DEBUG][main][2020-02-06 23:11:12][org.springframework.beans.factory.support.AbstractBeanFactory] - Returning cached instance of singleton bean 'org.springframework.transaction.config.internalTransactionAdvisor'
[DEBUG][main][2020-02-06 23:11:12][org.springframework.beans.factory.support.AbstractAutowireCapableBeanFactory] - Finished creating instance of bean '(inner bean)#2c708440'
[DEBUG][main][2020-02-06 23:11:12][org.springframework.beans.factory.support.AbstractAutowireCapableBeanFactory] - Creating instance of bean '(inner bean)#46678e49'
[DEBUG][main][2020-02-06 23:11:12][org.springframework.beans.factory.support.AbstractAutowireCapableBeanFactory] - Creating instance of bean '(inner bean)#748e9b20'
[DEBUG][main][2020-02-06 23:11:12][org.springframework.beans.factory.support.AbstractAutowireCapableBeanFactory] - Invoking afterPropertiesSet() on bean with name '(inner bean)#748e9b20'
[DEBUG][main][2020-02-06 23:11:12][org.springframework.beans.factory.support.AbstractBeanFactory] - Returning cached instance of singleton bean 'org.springframework.transaction.config.internalTransactionAdvisor'
[DEBUG][main][2020-02-06 23:11:12][org.springframework.beans.factory.support.AbstractAutowireCapableBeanFactory] - Finished creating instance of bean '(inner bean)#748e9b20'
[DEBUG][main][2020-02-06 23:11:12][org.springframework.beans.factory.support.AbstractBeanFactory] - Returning cached instance of singleton bean 'org.springframework.transaction.config.internalTransactionAdvisor'
[DEBUG][main][2020-02-06 23:11:12][org.springframework.beans.factory.support.AbstractBeanFactory] - Returning cached instance of singleton bean 'org.springframework.transaction.config.internalTransactionAdvisor'
[DEBUG][main][2020-02-06 23:11:12][org.springframework.beans.factory.support.AbstractAutowireCapableBeanFactory] - Finished creating instance of bean '(inner bean)#46678e49'
[DEBUG][main][2020-02-06 23:11:12][org.springframework.beans.factory.support.AbstractAutowireCapableBeanFactory] - Creating instance of bean '(inner bean)#f4c0e4e'
[DEBUG][main][2020-02-06 23:11:13][org.springframework.beans.factory.support.AbstractBeanFactory] - Returning cached instance of singleton bean 'org.springframework.transaction.config.internalTransactionAdvisor'
[DEBUG][main][2020-02-06 23:11:13][org.springframework.beans.factory.support.AbstractAutowireCapableBeanFactory] - Finished creating instance of bean '(inner bean)#f4c0e4e'
[DEBUG][main][2020-02-06 23:11:13][org.springframework.beans.factory.support.AbstractAutowireCapableBeanFactory] - Creating instance of bean '(inner bean)#4a8df3e2'
[DEBUG][main][2020-02-06 23:11:13][org.springframework.beans.factory.support.AbstractBeanFactory] - Returning cached instance of singleton bean 'org.springframework.transaction.config.internalTransactionAdvisor'
[DEBUG][main][2020-02-06 23:11:13][org.springframework.beans.factory.support.AbstractAutowireCapableBeanFactory] - Finished creating instance of bean '(inner bean)#4a8df3e2'
[DEBUG][main][2020-02-06 23:11:13][org.springframework.beans.factory.support.AbstractAutowireCapableBeanFactory] - Invoking afterPropertiesSet() on bean with name 'org.springframework.web.servlet.mvc.method.annotation.RequestMappingHandlerAdapter'
[INFO][main][2020-02-06 23:11:13][org.springframework.web.servlet.mvc.method.annotation.RequestMappingHandlerAdapter] - Looking for @ControllerAdvice: org.springframework.context.support.GenericApplicationContext@6497b078: startup date [Thu Feb 06 23:11:09 GMT+08:00 2020]; root of context hierarchy
[DEBUG][main][2020-02-06 23:11:13][org.springframework.beans.factory.support.AbstractBeanFactory] - Returning cached instance of singleton bean 'org.springframework.transaction.config.internalTransactionAdvisor'
[DEBUG][main][2020-02-06 23:11:13][org.springframework.beans.factory.support.AbstractAutowireCapableBeanFactory] - Finished creating instance of bean 'org.springframework.web.servlet.mvc.method.annotation.RequestMappingHandlerAdapter'
[DEBUG][main][2020-02-06 23:11:13][org.springframework.beans.factory.support.DefaultSingletonBeanRegistry] - Creating shared instance of singleton bean 'mvcUriComponentsContributor'
[DEBUG][main][2020-02-06 23:11:13][org.springframework.beans.factory.support.AbstractAutowireCapableBeanFactory] - Creating instance of bean 'mvcUriComponentsContributor'
[DEBUG][main][2020-02-06 23:11:13][org.springframework.beans.factory.support.AbstractAutowireCapableBeanFactory] - Eagerly caching bean 'mvcUriComponentsContributor' to allow for resolving potential circular references
[DEBUG][main][2020-02-06 23:11:13][org.springframework.beans.factory.support.AbstractAutowireCapableBeanFactory] - Creating instance of bean '(inner bean)#7a1f8def'
[DEBUG][main][2020-02-06 23:11:13][org.springframework.beans.factory.support.AbstractBeanFactory] - Returning cached instance of singleton bean 'mvcContentNegotiationManager'
[DEBUG][main][2020-02-06 23:11:13][org.springframework.beans.factory.support.AbstractAutowireCapableBeanFactory] - Creating instance of bean '(inner bean)#58a120b0#1'
[DEBUG][main][2020-02-06 23:11:13][org.springframework.beans.factory.support.AbstractBeanFactory] - Returning cached instance of singleton bean 'org.springframework.format.support.FormattingConversionServiceFactoryBean#0'
[DEBUG][main][2020-02-06 23:11:13][org.springframework.beans.factory.support.AbstractBeanFactory] - Returning cached instance of singleton bean 'org.springframework.validation.beanvalidation.OptionalValidatorFactoryBean#0'
[DEBUG][main][2020-02-06 23:11:13][org.springframework.beans.factory.support.AbstractBeanFactory] - Returning cached instance of singleton bean 'org.springframework.transaction.config.internalTransactionAdvisor'
[DEBUG][main][2020-02-06 23:11:13][org.springframework.beans.factory.support.AbstractAutowireCapableBeanFactory] - Finished creating instance of bean '(inner bean)#58a120b0#1'
[DEBUG][main][2020-02-06 23:11:13][org.springframework.beans.factory.support.AbstractAutowireCapableBeanFactory] - Creating instance of bean '(inner bean)#7c4fc2bf#1'
[DEBUG][main][2020-02-06 23:11:13][org.springframework.beans.factory.support.AbstractBeanFactory] - Returning cached instance of singleton bean 'org.springframework.transaction.config.internalTransactionAdvisor'
[DEBUG][main][2020-02-06 23:11:13][org.springframework.beans.factory.support.AbstractAutowireCapableBeanFactory] - Finished creating instance of bean '(inner bean)#7c4fc2bf#1'
[DEBUG][main][2020-02-06 23:11:13][org.springframework.beans.factory.support.AbstractAutowireCapableBeanFactory] - Creating instance of bean '(inner bean)#2f61f937#1'
[DEBUG][main][2020-02-06 23:11:13][org.springframework.beans.factory.support.AbstractBeanFactory] - Returning cached instance of singleton bean 'org.springframework.transaction.config.internalTransactionAdvisor'
[DEBUG][main][2020-02-06 23:11:13][org.springframework.beans.factory.support.AbstractAutowireCapableBeanFactory] - Finished creating instance of bean '(inner bean)#2f61f937#1'
[DEBUG][main][2020-02-06 23:11:13][org.springframework.beans.factory.support.AbstractAutowireCapableBeanFactory] - Creating instance of bean '(inner bean)#44de0113#1'
[DEBUG][main][2020-02-06 23:11:13][org.springframework.beans.factory.support.AbstractBeanFactory] - Returning cached instance of singleton bean 'org.springframework.transaction.config.internalTransactionAdvisor'
[DEBUG][main][2020-02-06 23:11:13][org.springframework.beans.factory.support.AbstractAutowireCapableBeanFactory] - Finished creating instance of bean '(inner bean)#44de0113#1'
[DEBUG][main][2020-02-06 23:11:13][org.springframework.beans.factory.support.AbstractAutowireCapableBeanFactory] - Creating instance of bean '(inner bean)#236134a1#1'
[DEBUG][main][2020-02-06 23:11:13][org.springframework.beans.factory.support.AbstractBeanFactory] - Returning cached instance of singleton bean 'org.springframework.transaction.config.internalTransactionAdvisor'
[DEBUG][main][2020-02-06 23:11:13][org.springframework.beans.factory.support.AbstractAutowireCapableBeanFactory] - Finished creating instance of bean '(inner bean)#236134a1#1'
[DEBUG][main][2020-02-06 23:11:13][org.springframework.beans.factory.support.AbstractAutowireCapableBeanFactory] - Creating instance of bean '(inner bean)#25b5c5e3#1'
[DEBUG][main][2020-02-06 23:11:13][org.springframework.beans.factory.support.AbstractBeanFactory] - Returning cached instance of singleton bean 'org.springframework.transaction.config.internalTransactionAdvisor'
[DEBUG][main][2020-02-06 23:11:13][org.springframework.beans.factory.support.AbstractAutowireCapableBeanFactory] - Finished creating instance of bean '(inner bean)#25b5c5e3#1'
[DEBUG][main][2020-02-06 23:11:13][org.springframework.beans.factory.support.AbstractAutowireCapableBeanFactory] - Creating instance of bean '(inner bean)#2c708440#1'
[DEBUG][main][2020-02-06 23:11:13][org.springframework.beans.factory.support.AbstractBeanFactory] - Returning cached instance of singleton bean 'org.springframework.transaction.config.internalTransactionAdvisor'
[DEBUG][main][2020-02-06 23:11:13][org.springframework.beans.factory.support.AbstractAutowireCapableBeanFactory] - Finished creating instance of bean '(inner bean)#2c708440#1'
[DEBUG][main][2020-02-06 23:11:13][org.springframework.beans.factory.support.AbstractAutowireCapableBeanFactory] - Creating instance of bean '(inner bean)#46678e49#1'
[DEBUG][main][2020-02-06 23:11:13][org.springframework.beans.factory.support.AbstractAutowireCapableBeanFactory] - Creating instance of bean '(inner bean)#748e9b20#1'
[DEBUG][main][2020-02-06 23:11:13][org.springframework.beans.factory.support.AbstractAutowireCapableBeanFactory] - Invoking afterPropertiesSet() on bean with name '(inner bean)#748e9b20#1'
[DEBUG][main][2020-02-06 23:11:13][org.springframework.beans.factory.support.AbstractBeanFactory] - Returning cached instance of singleton bean 'org.springframework.transaction.config.internalTransactionAdvisor'
[DEBUG][main][2020-02-06 23:11:13][org.springframework.beans.factory.support.AbstractAutowireCapableBeanFactory] - Finished creating instance of bean '(inner bean)#748e9b20#1'
[DEBUG][main][2020-02-06 23:11:13][org.springframework.beans.factory.support.AbstractBeanFactory] - Returning cached instance of singleton bean 'org.springframework.transaction.config.internalTransactionAdvisor'
[DEBUG][main][2020-02-06 23:11:13][org.springframework.beans.factory.support.AbstractBeanFactory] - Returning cached instance of singleton bean 'org.springframework.transaction.config.internalTransactionAdvisor'
[DEBUG][main][2020-02-06 23:11:13][org.springframework.beans.factory.support.AbstractAutowireCapableBeanFactory] - Finished creating instance of bean '(inner bean)#46678e49#1'
[DEBUG][main][2020-02-06 23:11:13][org.springframework.beans.factory.support.AbstractAutowireCapableBeanFactory] - Creating instance of bean '(inner bean)#f4c0e4e#1'
[DEBUG][main][2020-02-06 23:11:13][org.springframework.beans.factory.support.AbstractBeanFactory] - Returning cached instance of singleton bean 'org.springframework.transaction.config.internalTransactionAdvisor'
[DEBUG][main][2020-02-06 23:11:13][org.springframework.beans.factory.support.AbstractAutowireCapableBeanFactory] - Finished creating instance of bean '(inner bean)#f4c0e4e#1'
[DEBUG][main][2020-02-06 23:11:13][org.springframework.beans.factory.support.AbstractAutowireCapableBeanFactory] - Creating instance of bean '(inner bean)#4a8df3e2#1'
[DEBUG][main][2020-02-06 23:11:13][org.springframework.beans.factory.support.AbstractBeanFactory] - Returning cached instance of singleton bean 'org.springframework.transaction.config.internalTransactionAdvisor'
[DEBUG][main][2020-02-06 23:11:13][org.springframework.beans.factory.support.AbstractAutowireCapableBeanFactory] - Finished creating instance of bean '(inner bean)#4a8df3e2#1'
[DEBUG][main][2020-02-06 23:11:13][org.springframework.beans.factory.support.AbstractAutowireCapableBeanFactory] - Invoking afterPropertiesSet() on bean with name '(inner bean)#7a1f8def'
[INFO][main][2020-02-06 23:11:13][org.springframework.web.servlet.mvc.method.annotation.RequestMappingHandlerAdapter] - Looking for @ControllerAdvice: org.springframework.context.support.GenericApplicationContext@6497b078: startup date [Thu Feb 06 23:11:09 GMT+08:00 2020]; root of context hierarchy
[DEBUG][main][2020-02-06 23:11:13][org.springframework.beans.factory.support.AbstractBeanFactory] - Returning cached instance of singleton bean 'org.springframework.transaction.config.internalTransactionAdvisor'
[DEBUG][main][2020-02-06 23:11:13][org.springframework.beans.factory.support.AbstractBeanFactory] - Returning eagerly cached instance of singleton bean 'mvcUriComponentsContributor' that is not fully initialized yet - a consequence of a circular reference
[DEBUG][main][2020-02-06 23:11:13][org.springframework.beans.factory.support.AbstractBeanFactory] - Returning cached instance of singleton bean 'org.springframework.transaction.config.internalTransactionAdvisor'
[DEBUG][main][2020-02-06 23:11:13][org.springframework.beans.factory.support.AbstractAutowireCapableBeanFactory] - Finished creating instance of bean '(inner bean)#7a1f8def'
[DEBUG][main][2020-02-06 23:11:13][org.springframework.beans.factory.support.AbstractBeanFactory] - Returning cached instance of singleton bean 'org.springframework.format.support.FormattingConversionServiceFactoryBean#0'
[DEBUG][main][2020-02-06 23:11:13][org.springframework.beans.factory.support.AbstractAutowireCapableBeanFactory] - Invoking afterPropertiesSet() on bean with name 'mvcUriComponentsContributor'
[DEBUG][main][2020-02-06 23:11:13][org.springframework.beans.factory.support.AbstractAutowireCapableBeanFactory] - Finished creating instance of bean 'mvcUriComponentsContributor'
[DEBUG][main][2020-02-06 23:11:13][org.springframework.beans.factory.support.AbstractBeanFactory] - Returning cached instance of singleton bean 'org.springframework.web.servlet.handler.MappedInterceptor#0'
[DEBUG][main][2020-02-06 23:11:13][org.springframework.beans.factory.support.DefaultSingletonBeanRegistry] - Creating shared instance of singleton bean 'org.springframework.web.servlet.mvc.method.annotation.ExceptionHandlerExceptionResolver#0'
[DEBUG][main][2020-02-06 23:11:13][org.springframework.beans.factory.support.AbstractAutowireCapableBeanFactory] - Creating instance of bean 'org.springframework.web.servlet.mvc.method.annotation.ExceptionHandlerExceptionResolver#0'
[DEBUG][main][2020-02-06 23:11:13][org.springframework.beans.factory.support.AbstractAutowireCapableBeanFactory] - Eagerly caching bean 'org.springframework.web.servlet.mvc.method.annotation.ExceptionHandlerExceptionResolver#0' to allow for resolving potential circular references
[DEBUG][main][2020-02-06 23:11:13][org.springframework.beans.factory.support.AbstractBeanFactory] - Returning cached instance of singleton bean 'mvcContentNegotiationManager'
[DEBUG][main][2020-02-06 23:11:13][org.springframework.beans.factory.support.AbstractAutowireCapableBeanFactory] - Creating instance of bean '(inner bean)#7c4fc2bf#2'
[DEBUG][main][2020-02-06 23:11:13][org.springframework.beans.factory.support.AbstractBeanFactory] - Returning cached instance of singleton bean 'org.springframework.transaction.config.internalTransactionAdvisor'
[DEBUG][main][2020-02-06 23:11:13][org.springframework.beans.factory.support.AbstractAutowireCapableBeanFactory] - Finished creating instance of bean '(inner bean)#7c4fc2bf#2'
[DEBUG][main][2020-02-06 23:11:13][org.springframework.beans.factory.support.AbstractAutowireCapableBeanFactory] - Creating instance of bean '(inner bean)#2f61f937#2'
[DEBUG][main][2020-02-06 23:11:13][org.springframework.beans.factory.support.AbstractBeanFactory] - Returning cached instance of singleton bean 'org.springframework.transaction.config.internalTransactionAdvisor'
[DEBUG][main][2020-02-06 23:11:13][org.springframework.beans.factory.support.AbstractAutowireCapableBeanFactory] - Finished creating instance of bean '(inner bean)#2f61f937#2'
[DEBUG][main][2020-02-06 23:11:13][org.springframework.beans.factory.support.AbstractAutowireCapableBeanFactory] - Creating instance of bean '(inner bean)#44de0113#2'
[DEBUG][main][2020-02-06 23:11:13][org.springframework.beans.factory.support.AbstractBeanFactory] - Returning cached instance of singleton bean 'org.springframework.transaction.config.internalTransactionAdvisor'
[DEBUG][main][2020-02-06 23:11:13][org.springframework.beans.factory.support.AbstractAutowireCapableBeanFactory] - Finished creating instance of bean '(inner bean)#44de0113#2'
[DEBUG][main][2020-02-06 23:11:13][org.springframework.beans.factory.support.AbstractAutowireCapableBeanFactory] - Creating instance of bean '(inner bean)#236134a1#2'
[DEBUG][main][2020-02-06 23:11:13][org.springframework.beans.factory.support.AbstractBeanFactory] - Returning cached instance of singleton bean 'org.springframework.transaction.config.internalTransactionAdvisor'
[DEBUG][main][2020-02-06 23:11:13][org.springframework.beans.factory.support.AbstractAutowireCapableBeanFactory] - Finished creating instance of bean '(inner bean)#236134a1#2'
[DEBUG][main][2020-02-06 23:11:13][org.springframework.beans.factory.support.AbstractAutowireCapableBeanFactory] - Creating instance of bean '(inner bean)#25b5c5e3#2'
[DEBUG][main][2020-02-06 23:11:13][org.springframework.beans.factory.support.AbstractBeanFactory] - Returning cached instance of singleton bean 'org.springframework.transaction.config.internalTransactionAdvisor'
[DEBUG][main][2020-02-06 23:11:13][org.springframework.beans.factory.support.AbstractAutowireCapableBeanFactory] - Finished creating instance of bean '(inner bean)#25b5c5e3#2'
[DEBUG][main][2020-02-06 23:11:13][org.springframework.beans.factory.support.AbstractAutowireCapableBeanFactory] - Creating instance of bean '(inner bean)#2c708440#2'
[DEBUG][main][2020-02-06 23:11:13][org.springframework.beans.factory.support.AbstractBeanFactory] - Returning cached instance of singleton bean 'org.springframework.transaction.config.internalTransactionAdvisor'
[DEBUG][main][2020-02-06 23:11:13][org.springframework.beans.factory.support.AbstractAutowireCapableBeanFactory] - Finished creating instance of bean '(inner bean)#2c708440#2'
[DEBUG][main][2020-02-06 23:11:13][org.springframework.beans.factory.support.AbstractAutowireCapableBeanFactory] - Creating instance of bean '(inner bean)#46678e49#2'
[DEBUG][main][2020-02-06 23:11:13][org.springframework.beans.factory.support.AbstractAutowireCapableBeanFactory] - Creating instance of bean '(inner bean)#748e9b20#2'
[DEBUG][main][2020-02-06 23:11:13][org.springframework.beans.factory.support.AbstractAutowireCapableBeanFactory] - Invoking afterPropertiesSet() on bean with name '(inner bean)#748e9b20#2'
[DEBUG][main][2020-02-06 23:11:13][org.springframework.beans.factory.support.AbstractBeanFactory] - Returning cached instance of singleton bean 'org.springframework.transaction.config.internalTransactionAdvisor'
[DEBUG][main][2020-02-06 23:11:13][org.springframework.beans.factory.support.AbstractAutowireCapableBeanFactory] - Finished creating instance of bean '(inner bean)#748e9b20#2'
[DEBUG][main][2020-02-06 23:11:13][org.springframework.beans.factory.support.AbstractBeanFactory] - Returning cached instance of singleton bean 'org.springframework.transaction.config.internalTransactionAdvisor'
[DEBUG][main][2020-02-06 23:11:13][org.springframework.beans.factory.support.AbstractBeanFactory] - Returning cached instance of singleton bean 'org.springframework.transaction.config.internalTransactionAdvisor'
[DEBUG][main][2020-02-06 23:11:13][org.springframework.beans.factory.support.AbstractAutowireCapableBeanFactory] - Finished creating instance of bean '(inner bean)#46678e49#2'
[DEBUG][main][2020-02-06 23:11:13][org.springframework.beans.factory.support.AbstractAutowireCapableBeanFactory] - Creating instance of bean '(inner bean)#4ad3d266'
[DEBUG][main][2020-02-06 23:11:13][org.springframework.beans.factory.support.AbstractBeanFactory] - Returning cached instance of singleton bean 'org.springframework.transaction.config.internalTransactionAdvisor'
[DEBUG][main][2020-02-06 23:11:13][org.springframework.beans.factory.support.AbstractAutowireCapableBeanFactory] - Finished creating instance of bean '(inner bean)#4ad3d266'
[DEBUG][main][2020-02-06 23:11:13][org.springframework.beans.factory.support.AbstractAutowireCapableBeanFactory] - Invoking afterPropertiesSet() on bean with name 'org.springframework.web.servlet.mvc.method.annotation.ExceptionHandlerExceptionResolver#0'
[DEBUG][main][2020-02-06 23:11:13][org.springframework.web.servlet.mvc.method.annotation.ExceptionHandlerExceptionResolver] - Looking for exception mappings: org.springframework.context.support.GenericApplicationContext@6497b078: startup date [Thu Feb 06 23:11:09 GMT+08:00 2020]; root of context hierarchy
[DEBUG][main][2020-02-06 23:11:13][org.springframework.beans.factory.support.AbstractBeanFactory] - Returning cached instance of singleton bean 'org.springframework.transaction.config.internalTransactionAdvisor'
[DEBUG][main][2020-02-06 23:11:13][org.springframework.beans.factory.support.AbstractAutowireCapableBeanFactory] - Finished creating instance of bean 'org.springframework.web.servlet.mvc.method.annotation.ExceptionHandlerExceptionResolver#0'
[DEBUG][main][2020-02-06 23:11:13][org.springframework.beans.factory.support.DefaultSingletonBeanRegistry] - Creating shared instance of singleton bean 'org.springframework.web.servlet.mvc.annotation.ResponseStatusExceptionResolver#0'
[DEBUG][main][2020-02-06 23:11:13][org.springframework.beans.factory.support.AbstractAutowireCapableBeanFactory] - Creating instance of bean 'org.springframework.web.servlet.mvc.annotation.ResponseStatusExceptionResolver#0'
[DEBUG][main][2020-02-06 23:11:13][org.springframework.beans.factory.support.AbstractAutowireCapableBeanFactory] - Eagerly caching bean 'org.springframework.web.servlet.mvc.annotation.ResponseStatusExceptionResolver#0' to allow for resolving potential circular references
[DEBUG][main][2020-02-06 23:11:13][org.springframework.beans.factory.support.AbstractBeanFactory] - Returning cached instance of singleton bean 'org.springframework.transaction.config.internalTransactionAdvisor'
[DEBUG][main][2020-02-06 23:11:13][org.springframework.beans.factory.support.AbstractAutowireCapableBeanFactory] - Finished creating instance of bean 'org.springframework.web.servlet.mvc.annotation.ResponseStatusExceptionResolver#0'
[DEBUG][main][2020-02-06 23:11:13][org.springframework.beans.factory.support.DefaultSingletonBeanRegistry] - Creating shared instance of singleton bean 'org.springframework.web.servlet.mvc.support.DefaultHandlerExceptionResolver#0'
[DEBUG][main][2020-02-06 23:11:13][org.springframework.beans.factory.support.AbstractAutowireCapableBeanFactory] - Creating instance of bean 'org.springframework.web.servlet.mvc.support.DefaultHandlerExceptionResolver#0'
[DEBUG][main][2020-02-06 23:11:13][org.springframework.beans.factory.support.AbstractAutowireCapableBeanFactory] - Eagerly caching bean 'org.springframework.web.servlet.mvc.support.DefaultHandlerExceptionResolver#0' to allow for resolving potential circular references
[DEBUG][main][2020-02-06 23:11:13][org.springframework.beans.factory.support.AbstractBeanFactory] - Returning cached instance of singleton bean 'org.springframework.transaction.config.internalTransactionAdvisor'
[DEBUG][main][2020-02-06 23:11:13][org.springframework.beans.factory.support.AbstractAutowireCapableBeanFactory] - Finished creating instance of bean 'org.springframework.web.servlet.mvc.support.DefaultHandlerExceptionResolver#0'
[DEBUG][main][2020-02-06 23:11:13][org.springframework.beans.factory.support.DefaultSingletonBeanRegistry] - Creating shared instance of singleton bean 'org.springframework.web.servlet.view.InternalResourceViewResolver#0'
[DEBUG][main][2020-02-06 23:11:13][org.springframework.beans.factory.support.AbstractAutowireCapableBeanFactory] - Creating instance of bean 'org.springframework.web.servlet.view.InternalResourceViewResolver#0'
[DEBUG][main][2020-02-06 23:11:13][org.springframework.beans.factory.support.AbstractAutowireCapableBeanFactory] - Eagerly caching bean 'org.springframework.web.servlet.view.InternalResourceViewResolver#0' to allow for resolving potential circular references
[DEBUG][main][2020-02-06 23:11:13][org.springframework.beans.factory.support.AbstractBeanFactory] - Returning cached instance of singleton bean 'org.springframework.transaction.config.internalTransactionAdvisor'
[DEBUG][main][2020-02-06 23:11:13][org.springframework.beans.factory.support.AbstractAutowireCapableBeanFactory] - Finished creating instance of bean 'org.springframework.web.servlet.view.InternalResourceViewResolver#0'
[DEBUG][main][2020-02-06 23:11:13][org.springframework.beans.factory.support.DefaultSingletonBeanRegistry] - Creating shared instance of singleton bean 'multipartResolver'
[DEBUG][main][2020-02-06 23:11:13][org.springframework.beans.factory.support.AbstractAutowireCapableBeanFactory] - Creating instance of bean 'multipartResolver'
]]></system-out>
    <system-err><![CDATA[2月 06, 2020 11:11:11 下午 java.util.prefs.WindowsPreferences <init>
WARNING: Could not open/create prefs root node Software\JavaSoft\Prefs at root 0xffffffff80000002. Windows RegCreateKeyEx(...) returned error code 5.
2月 06, 2020 11:11:11 下午 java.util.prefs.WindowsPreferences WindowsRegOpenKey1
WARNING: Trying to recreate Windows registry node Software\JavaSoft\Prefs at root 0xffffffff80000002.
2月 06, 2020 11:11:11 下午 java.util.prefs.WindowsPreferences openKey
WARNING: Could not open windows registry node Software\JavaSoft\Prefs at root 0xffffffff80000002. Windows RegOpenKey(...) returned error code 2.
2月 06, 2020 11:11:11 下午 java.util.prefs.WindowsPreferences WindowsRegOpenKey1
WARNING: Trying to recreate Windows registry node Software\JavaSoft\Prefs at root 0xffffffff80000002.
2月 06, 2020 11:11:11 下午 java.util.prefs.WindowsPreferences openKey
WARNING: Could not open windows registry node Software\JavaSoft\Prefs at root 0xffffffff80000002. Windows RegOpenKey(...) returned error code 2.
2月 06, 2020 11:11:11 下午 java.util.prefs.WindowsPreferences WindowsRegOpenKey1
WARNING: Trying to recreate Windows registry node Software\JavaSoft\Prefs at root 0xffffffff80000002.
2月 06, 2020 11:11:11 下午 java.util.prefs.WindowsPreferences openKey
WARNING: Could not open windows registry node Software\JavaSoft\Prefs at root 0xffffffff80000002. Windows RegOpenKey(...) returned error code 2.
2月 06, 2020 11:11:11 下午 java.util.prefs.WindowsPreferences WindowsRegOpenKey1
WARNING: Trying to recreate Windows registry node Software\JavaSoft\Prefs at root 0xffffffff80000002.
2月 06, 2020 11:11:11 下午 java.util.prefs.WindowsPreferences openKey
WARNING: Could not open windows registry node Software\JavaSoft\Prefs at root 0xffffffff80000002. Windows RegOpenKey(...) returned error code 2.
2月 06, 2020 11:11:11 下午 java.util.prefs.WindowsPreferences WindowsRegOpenKey1
WARNING: Trying to recreate Windows registry node Software\JavaSoft\Prefs at root 0xffffffff80000002.
2月 06, 2020 11:11:11 下午 java.util.prefs.WindowsPreferences openKey
WARNING: Could not open windows registry node Software\JavaSoft\Prefs at root 0xffffffff80000002. Windows RegOpenKey(...) returned error code 2.
2月 06, 2020 11:11:11 下午 java.util.prefs.WindowsPreferences WindowsRegOpenKey1
WARNING: Trying to recreate Windows registry node Software\JavaSoft\Prefs at root 0xffffffff80000002.
2月 06, 2020 11:11:11 下午 java.util.prefs.WindowsPreferences openKey
WARNING: Could not open windows registry node Software\JavaSoft\Prefs at root 0xffffffff80000002. Windows RegOpenKey(...) returned error code 2.
2月 06, 2020 11:11:11 下午 java.util.prefs.WindowsPreferences WindowsRegOpenKey1
WARNING: Trying to recreate Windows registry node Software\JavaSoft\Prefs at root 0xffffffff80000002.
2月 06, 2020 11:11:11 下午 java.util.prefs.WindowsPreferences openKey
WARNING: Could not open windows registry node Software\JavaSoft\Prefs at root 0xffffffff80000002. Windows RegOpenKey(...) returned error code 2.
2月 06, 2020 11:11:11 下午 java.util.prefs.WindowsPreferences WindowsRegOpenKey1
WARNING: Trying to recreate Windows registry node Software\JavaSoft\Prefs at root 0xffffffff80000002.
2月 06, 2020 11:11:11 下午 java.util.prefs.WindowsPreferences openKey
WARNING: Could not open windows registry node Software\JavaSoft\Prefs at root 0xffffffff80000002. Windows RegOpenKey(...) returned error code 2.
2月 06, 2020 11:11:11 下午 java.util.prefs.WindowsPreferences WindowsRegOpenKey1
WARNING: Trying to recreate Windows registry node Software\JavaSoft\Prefs at root 0xffffffff80000002.
2月 06, 2020 11:11:11 下午 java.util.prefs.WindowsPreferences openKey
WARNING: Could not open windows registry node Software\JavaSoft\Prefs at root 0xffffffff80000002. Windows RegOpenKey(...) returned error code 2.
]]></system-err>
  </testcase>
</testsuite>